

Microchip MPLAB XC8 Assembler V2.40 build 20220703182018 
                                                                                               Mon Oct 03 17:15:38 2022

Microchip MPLAB XC8 C Compiler v2.40 (Free license) build 20220703182018 Og1 
     1                           	processor	18F57Q43
     2                           	fnconf	rparam,??,?,0
     3                           	pagewidth 120
     4                           	opt	flic
     5                           	psect	cinit,global,reloc=2,class=CODE,delta=1
     6                           	psect	cstackCOMRAM,global,class=COMRAM,space=1,delta=1,lowdata,noexec
     7                           	psect	text0,global,reloc=2,class=CODE,delta=1
     8                           	psect	text1,global,reloc=2,class=CODE,delta=1
     9                           	psect	text2,global,reloc=2,class=CODE,delta=1
    10                           	psect	text3,global,reloc=2,class=CODE,delta=1
    11                           	psect	text4,global,reloc=2,class=CODE,delta=1
    12                           	psect	intsave_regs,global,class=BIGRAM,space=1,delta=1,noexec
    13                           	psect	rparam,global,class=COMRAM,space=1,delta=1,noexec
    14                           	psect	idloc,global,abs,ovrld,class=IDLOC,space=5,delta=1,noexec
    15                           	psect	config,global,abs,ovrld,class=CONFIG,space=4,delta=1,noexec
    16   000000                     
    17                           ; Version 2.40
    18                           ; Generated 08/12/2021 GMT
    19                           ; 
    20                           ; Copyright © 2021, Microchip Technology Inc. and its subsidiaries ("Microchip")
    21                           ; All rights reserved.
    22                           ; 
    23                           ; This software is developed by Microchip Technology Inc. and its subsidiaries ("Microch
      +                          ip").
    24                           ; 
    25                           ; Redistribution and use in source and binary forms, with or without modification, are
    26                           ; permitted provided that the following conditions are met:
    27                           ; 
    28                           ;     1. Redistributions of source code must retain the above copyright notice, this lis
      +                          t of
    29                           ;        conditions and the following disclaimer.
    30                           ; 
    31                           ;     2. Redistributions in binary form must reproduce the above copyright notice, this 
      +                          list
    32                           ;        of conditions and the following disclaimer in the documentation and/or other
    33                           ;        materials provided with the distribution. Publication is not required when
    34                           ;        this file is used in an embedded application.
    35                           ; 
    36                           ;     3. Microchip's name may not be used to endorse or promote products derived from th
      +                          is
    37                           ;        software without specific prior written permission.
    38                           ; 
    39                           ; THIS SOFTWARE IS PROVIDED BY MICROCHIP "AS IS" AND ANY EXPRESS OR IMPLIED WARRANTIES,
    40                           ; INCLUDING, BUT NOT LIMITED TO, THE IMPLIED WARRANTIES OF MERCHANTABILITY AND FITNESS F
      +                          OR
    41                           ; PURPOSE ARE DISCLAIMED.  IN NO EVENT SHALL MICROCHIP BE LIABLE FOR ANY DIRECT, INDIREC
      +                          T,
    42                           ; INCIDENTAL, SPECIAL, EXEMPLARY, OR CONSEQUENTIAL DAMAGES (INCLUDING BUT NOT LIMITED TO
    43                           ; PROCUREMENT OF SUBSTITUTE GOODS OR SERVICES; LOSS OF USE, DATA OR PROFITS; OR BUSINESS
    44                           ; INTERRUPTION) HOWSOEVER CAUSED AND ON ANY THEORY OF LIABILITY, WHETHER IN CONTRACT, ST
      +                          RICT
    45                           ; LIABILITY, OR TORT (INCLUDING NEGLIGENCE OR OTHERWISE) ARISING IN ANY WAY OUT OF THE U
      +                          SE OF
    46                           ; THIS SOFTWARE, EVEN IF ADVISED OF THE POSSIBILITY OF SUCH DAMAGE.
    47                           ; 
    48                           ; 
    49                           ; Code-generator required, PIC18F57Q43 Definitions
    50                           ; 
    51                           ; SFR Addresses
    52   000000                     _TRISD	set	1225
    53   000000                     _TRISC	set	1224
    54   000000                     _TRISB	set	1223
    55   000000                     _LATC	set	1216
    56   000000                     _LATB	set	1215
    57   000000                     _OSCTUNE	set	176
    58   000000                     _OSCFRQ	set	177
    59   000000                     _OSCEN	set	179
    60   000000                     _PMD0	set	96
    61   000000                     _ACTCON	set	172
    62   000000                     _OSCCON1	set	173
    63   000000                     _OSCCON3	set	175
    64   000000                     _RC4I2C	set	646
    65   000000                     _RC3I2C	set	647
    66   000000                     _RB2I2C	set	648
    67   000000                     _RB1I2C	set	649
    68   000000                     _ANSELA	set	1024
    69   000000                     _ANSELB	set	1032
    70   000000                     _ANSELC	set	1040
    71   000000                     _ANSELD	set	1048
    72   000000                     _LATA	set	1214
    73   000000                     _LATD	set	1217
    74   000000                     _LATE	set	1218
    75   000000                     _PMD3	set	99
    76   000000                     _PMD1	set	97
    77   000000                     _PMD8	set	104
    78   000000                     _PMD7	set	103
    79   000000                     _PMD6	set	102
    80   000000                     _PMD5	set	101
    81   000000                     _PMD4	set	100
    82   000000                     _TRISA	set	1222
    83   000000                     _TRISE	set	1226
    84   000000                     _LATF	set	1219
    85   000000                     _TRISF	set	1227
    86   000000                     _INLVLD	set	1052
    87   000000                     _SLRCOND	set	1051
    88   000000                     _ODCOND	set	1050
    89   000000                     _WPUD	set	1049
    90   000000                     _ANSELE	set	1056
    91   000000                     _INLVLC	set	1044
    92   000000                     _SLRCONC	set	1043
    93   000000                     _ODCONC	set	1042
    94   000000                     _WPUC	set	1041
    95   000000                     _INLVLB	set	1036
    96   000000                     _SLRCONB	set	1035
    97   000000                     _ODCONB	set	1034
    98   000000                     _WPUB	set	1033
    99   000000                     _INLVLE	set	1060
   100   000000                     _SLRCONE	set	1059
   101   000000                     _ODCONE	set	1058
   102   000000                     _WPUE	set	1057
   103   000000                     _ANSELF	set	1064
   104   000000                     _INLVLF	set	1068
   105   000000                     _SLRCONF	set	1067
   106   000000                     _ODCONF	set	1066
   107   000000                     _WPUF	set	1065
   108   000000                     _INLVLA	set	1028
   109   000000                     _SLRCONA	set	1027
   110   000000                     _ODCONA	set	1026
   111   000000                     _WPUA	set	1025
   112                           
   113                           ; #config settings
   114                           
   115                           	psect	cinit
   116   01FEB2                     __pcinit:
   117                           	callstack 0
   118   01FEB2                     start_initialization:
   119                           	callstack 0
   120   01FEB2                     __initialization:
   121                           	callstack 0
   122   01FEB2                     end_of_initialization:
   123                           	callstack 0
   124   01FEB2                     __end_of__initialization:
   125                           	callstack 0
   126   01FEB2  0100               	movlb	0
   127   01FEB4  EF83  F0FF         	goto	_main	;jump to C main() function
   128                           
   129                           	psect	cstackCOMRAM
   130   000501                     __pcstackCOMRAM:
   131                           	callstack 0
   132   000501                     ??_main:
   133                           
   134                           ; 1 bytes @ 0x0
   135   000501                     	ds	1
   136                           
   137 ;;
   138 ;;Main: autosize = 0, tempsize = 1, incstack = 0, save=0
   139 ;;
   140 ;; *************** function _main *****************
   141 ;; Defined at:
   142 ;;		line 50 in file "mustang.c"
   143 ;; Parameters:    Size  Location     Type
   144 ;;		None
   145 ;; Auto vars:     Size  Location     Type
   146 ;;		None
   147 ;; Return value:  Size  Location     Type
   148 ;;                  1    wreg      void 
   149 ;; Registers used:
   150 ;;		wreg, status,2, cstack
   151 ;; Tracked objects:
   152 ;;		On entry : 0/0
   153 ;;		On exit  : 0/0
   154 ;;		Unchanged: 0/0
   155 ;; Data sizes:     COMRAM   BANK5   BANK6   BANK7   BANK8   BANK9  BANK10  BANK11  BANK12  BANK13  BANK14  BANK15  BANK1
      +6  BANK17  BANK18  BANK19  BANK20  BANK21  BANK22  BANK23  BANK24  BANK25  BANK26  BANK27  BANK28  BANK29  BANK30  BANK3
      +1  BANK32  BANK33  BANK34  BANK35  BANK36
   156 ;;      Params:         0       0       0       0       0       0       0       0       0       0       0       0       
      +0       0       0       0       0       0       0       0       0       0       0       0       0       0       0       
      +0       0       0       0       0       0
   157 ;;      Locals:         0       0       0       0       0       0       0       0       0       0       0       0       
      +0       0       0       0       0       0       0       0       0       0       0       0       0       0       0       
      +0       0       0       0       0       0
   158 ;;      Temps:          1       0       0       0       0       0       0       0       0       0       0       0       
      +0       0       0       0       0       0       0       0       0       0       0       0       0       0       0       
      +0       0       0       0       0       0
   159 ;;      Totals:         1       0       0       0       0       0       0       0       0       0       0       0       
      +0       0       0       0       0       0       0       0       0       0       0       0       0       0       0       
      +0       0       0       0       0       0
   160 ;;Total ram usage:        1 bytes
   161 ;; Hardware stack levels required when called: 2
   162 ;; This function calls:
   163 ;;		_SYSTEM_Initialize
   164 ;; This function is called by:
   165 ;;		Startup code after reset
   166 ;; This function uses a non-reentrant model
   167 ;;
   168                           
   169                           	psect	text0
   170   01FF06                     __ptext0:
   171                           	callstack 0
   172   01FF06                     _main:
   173                           	callstack 125
   174   01FF06                     
   175                           ;mustang.c: 53:     SYSTEM_Initialize();
   176   01FF06  EC5C  F0FF         	call	_SYSTEM_Initialize	;wreg free
   177   01FF0A                     l877:
   178                           
   179                           ;mustang.c: 66:     {;mustang.c: 68:         LATA = 0x18;
   180   01FF0A  0E18               	movlw	24
   181   01FF0C  6EBE               	movwf	190,c	;volatile
   182   01FF0E                     
   183                           ;mustang.c: 69:         _delay((unsigned long)((150)*(1000000/4000.0)));
   184   01FF0E  0E31               	movlw	49
   185   01FF10  6E01               	movwf	??_main^(0+1280),c
   186   01FF12  0EB2               	movlw	178
   187   01FF14                     u17:
   188   01FF14  2EE8               	decfsz	wreg,f,c
   189   01FF16  D7FE               	bra	u17
   190   01FF18  2E01               	decfsz	??_main^(0+1280),f,c
   191   01FF1A  D7FC               	bra	u17
   192   01FF1C  D000               	nop2	
   193   01FF1E                     
   194                           ;mustang.c: 70:         LATA = 0x3C;
   195   01FF1E  0E3C               	movlw	60
   196   01FF20  6EBE               	movwf	190,c	;volatile
   197   01FF22                     
   198                           ;mustang.c: 71:         _delay((unsigned long)((150)*(1000000/4000.0)));
   199   01FF22  0E31               	movlw	49
   200   01FF24  6E01               	movwf	??_main^(0+1280),c
   201   01FF26  0EB2               	movlw	178
   202   01FF28                     u27:
   203   01FF28  2EE8               	decfsz	wreg,f,c
   204   01FF2A  D7FE               	bra	u27
   205   01FF2C  2E01               	decfsz	??_main^(0+1280),f,c
   206   01FF2E  D7FC               	bra	u27
   207   01FF30  D000               	nop2	
   208   01FF32                     
   209                           ;mustang.c: 72:         LATA = 0x7E;
   210   01FF32  0E7E               	movlw	126
   211   01FF34  6EBE               	movwf	190,c	;volatile
   212   01FF36                     
   213                           ;mustang.c: 73:         _delay((unsigned long)((150)*(1000000/4000.0)));
   214   01FF36  0E31               	movlw	49
   215   01FF38  6E01               	movwf	??_main^(0+1280),c
   216   01FF3A  0EB2               	movlw	178
   217   01FF3C                     u37:
   218   01FF3C  2EE8               	decfsz	wreg,f,c
   219   01FF3E  D7FE               	bra	u37
   220   01FF40  2E01               	decfsz	??_main^(0+1280),f,c
   221   01FF42  D7FC               	bra	u37
   222   01FF44  D000               	nop2	
   223   01FF46                     
   224                           ;mustang.c: 74:         LATA = 0xFF;
   225   01FF46  68BE               	setf	190,c	;volatile
   226   01FF48                     
   227                           ;mustang.c: 75:         _delay((unsigned long)((150)*(1000000/4000.0)));
   228   01FF48  0E31               	movlw	49
   229   01FF4A  6E01               	movwf	??_main^(0+1280),c
   230   01FF4C  0EB2               	movlw	178
   231   01FF4E                     u47:
   232   01FF4E  2EE8               	decfsz	wreg,f,c
   233   01FF50  D7FE               	bra	u47
   234   01FF52  2E01               	decfsz	??_main^(0+1280),f,c
   235   01FF54  D7FC               	bra	u47
   236   01FF56  D000               	nop2	
   237   01FF58  EF85  F0FF         	goto	l877
   238   01FF5C  EFFE  F0FF         	goto	start
   239   01FF60                     __end_of_main:
   240                           	callstack 0
   241                           
   242 ;; *************** function _SYSTEM_Initialize *****************
   243 ;; Defined at:
   244 ;;		line 50 in file "mcc_generated_files/mcc.c"
   245 ;; Parameters:    Size  Location     Type
   246 ;;		None
   247 ;; Auto vars:     Size  Location     Type
   248 ;;		None
   249 ;; Return value:  Size  Location     Type
   250 ;;                  1    wreg      void 
   251 ;; Registers used:
   252 ;;		wreg, status,2, cstack
   253 ;; Tracked objects:
   254 ;;		On entry : 0/0
   255 ;;		On exit  : 0/0
   256 ;;		Unchanged: 0/0
   257 ;; Data sizes:     COMRAM   BANK5   BANK6   BANK7   BANK8   BANK9  BANK10  BANK11  BANK12  BANK13  BANK14  BANK15  BANK1
      +6  BANK17  BANK18  BANK19  BANK20  BANK21  BANK22  BANK23  BANK24  BANK25  BANK26  BANK27  BANK28  BANK29  BANK30  BANK3
      +1  BANK32  BANK33  BANK34  BANK35  BANK36
   258 ;;      Params:         0       0       0       0       0       0       0       0       0       0       0       0       
      +0       0       0       0       0       0       0       0       0       0       0       0       0       0       0       
      +0       0       0       0       0       0
   259 ;;      Locals:         0       0       0       0       0       0       0       0       0       0       0       0       
      +0       0       0       0       0       0       0       0       0       0       0       0       0       0       0       
      +0       0       0       0       0       0
   260 ;;      Temps:          0       0       0       0       0       0       0       0       0       0       0       0       
      +0       0       0       0       0       0       0       0       0       0       0       0       0       0       0       
      +0       0       0       0       0       0
   261 ;;      Totals:         0       0       0       0       0       0       0       0       0       0       0       0       
      +0       0       0       0       0       0       0       0       0       0       0       0       0       0       0       
      +0       0       0       0       0       0
   262 ;;Total ram usage:        0 bytes
   263 ;; Hardware stack levels used: 1
   264 ;; Hardware stack levels required when called: 1
   265 ;; This function calls:
   266 ;;		_OSCILLATOR_Initialize
   267 ;;		_PIN_MANAGER_Initialize
   268 ;;		_PMD_Initialize
   269 ;; This function is called by:
   270 ;;		_main
   271 ;; This function uses a non-reentrant model
   272 ;;
   273                           
   274                           	psect	text1
   275   01FEB8                     __ptext1:
   276                           	callstack 0
   277   01FEB8                     _SYSTEM_Initialize:
   278                           	callstack 125
   279   01FEB8                     
   280                           ;mcc_generated_files/mcc.c: 52:     PMD_Initialize();
   281   01FEB8  EC71  F0FF         	call	_PMD_Initialize	;wreg free
   282                           
   283                           ;mcc_generated_files/mcc.c: 53:     PIN_MANAGER_Initialize();
   284   01FEBC  ECB0  F0FF         	call	_PIN_MANAGER_Initialize	;wreg free
   285                           
   286                           ;mcc_generated_files/mcc.c: 54:     OSCILLATOR_Initialize();
   287   01FEC0  EC63  F0FF         	call	_OSCILLATOR_Initialize	;wreg free
   288   01FEC4  0012               	return		;funcret
   289   01FEC6                     __end_of_SYSTEM_Initialize:
   290                           	callstack 0
   291                           
   292 ;; *************** function _PMD_Initialize *****************
   293 ;; Defined at:
   294 ;;		line 73 in file "mcc_generated_files/mcc.c"
   295 ;; Parameters:    Size  Location     Type
   296 ;;		None
   297 ;; Auto vars:     Size  Location     Type
   298 ;;		None
   299 ;; Return value:  Size  Location     Type
   300 ;;                  1    wreg      void 
   301 ;; Registers used:
   302 ;;		wreg, status,2
   303 ;; Tracked objects:
   304 ;;		On entry : 0/0
   305 ;;		On exit  : 0/0
   306 ;;		Unchanged: 0/0
   307 ;; Data sizes:     COMRAM   BANK5   BANK6   BANK7   BANK8   BANK9  BANK10  BANK11  BANK12  BANK13  BANK14  BANK15  BANK1
      +6  BANK17  BANK18  BANK19  BANK20  BANK21  BANK22  BANK23  BANK24  BANK25  BANK26  BANK27  BANK28  BANK29  BANK30  BANK3
      +1  BANK32  BANK33  BANK34  BANK35  BANK36
   308 ;;      Params:         0       0       0       0       0       0       0       0       0       0       0       0       
      +0       0       0       0       0       0       0       0       0       0       0       0       0       0       0       
      +0       0       0       0       0       0
   309 ;;      Locals:         0       0       0       0       0       0       0       0       0       0       0       0       
      +0       0       0       0       0       0       0       0       0       0       0       0       0       0       0       
      +0       0       0       0       0       0
   310 ;;      Temps:          0       0       0       0       0       0       0       0       0       0       0       0       
      +0       0       0       0       0       0       0       0       0       0       0       0       0       0       0       
      +0       0       0       0       0       0
   311 ;;      Totals:         0       0       0       0       0       0       0       0       0       0       0       0       
      +0       0       0       0       0       0       0       0       0       0       0       0       0       0       0       
      +0       0       0       0       0       0
   312 ;;Total ram usage:        0 bytes
   313 ;; Hardware stack levels used: 1
   314 ;; This function calls:
   315 ;;		Nothing
   316 ;; This function is called by:
   317 ;;		_SYSTEM_Initialize
   318 ;; This function uses a non-reentrant model
   319 ;;
   320                           
   321                           	psect	text2
   322   01FEE2                     __ptext2:
   323                           	callstack 0
   324   01FEE2                     _PMD_Initialize:
   325                           	callstack 125
   326   01FEE2                     
   327                           ;mcc_generated_files/mcc.c: 76:     PMD0 = 0x00;
   328   01FEE2  0E00               	movlw	0
   329   01FEE4  0100               	movlb	0	; () banked
   330   01FEE6  6F60               	movwf	96,b	;volatile
   331                           
   332                           ;mcc_generated_files/mcc.c: 78:     PMD1 = 0x00;
   333   01FEE8  0E00               	movlw	0
   334   01FEEA  6F61               	movwf	97,b	;volatile
   335                           
   336                           ;mcc_generated_files/mcc.c: 80:     PMD3 = 0x00;
   337   01FEEC  0E00               	movlw	0
   338   01FEEE  6F63               	movwf	99,b	;volatile
   339                           
   340                           ;mcc_generated_files/mcc.c: 82:     PMD4 = 0x00;
   341   01FEF0  0E00               	movlw	0
   342   01FEF2  6F64               	movwf	100,b	;volatile
   343                           
   344                           ;mcc_generated_files/mcc.c: 84:     PMD5 = 0x00;
   345   01FEF4  0E00               	movlw	0
   346   01FEF6  6F65               	movwf	101,b	;volatile
   347                           
   348                           ;mcc_generated_files/mcc.c: 86:     PMD6 = 0x00;
   349   01FEF8  0E00               	movlw	0
   350   01FEFA  6F66               	movwf	102,b	;volatile
   351                           
   352                           ;mcc_generated_files/mcc.c: 88:     PMD7 = 0x00;
   353   01FEFC  0E00               	movlw	0
   354   01FEFE  6F67               	movwf	103,b	;volatile
   355                           
   356                           ;mcc_generated_files/mcc.c: 90:     PMD8 = 0x00;
   357   01FF00  0E00               	movlw	0
   358   01FF02  6F68               	movwf	104,b	;volatile
   359   01FF04                     
   360                           ; BSR set to: 0
   361   01FF04  0012               	return		;funcret
   362   01FF06                     __end_of_PMD_Initialize:
   363                           	callstack 0
   364                           
   365 ;; *************** function _PIN_MANAGER_Initialize *****************
   366 ;; Defined at:
   367 ;;		line 55 in file "mcc_generated_files/pin_manager.c"
   368 ;; Parameters:    Size  Location     Type
   369 ;;		None
   370 ;; Auto vars:     Size  Location     Type
   371 ;;		None
   372 ;; Return value:  Size  Location     Type
   373 ;;                  1    wreg      void 
   374 ;; Registers used:
   375 ;;		wreg, status,2
   376 ;; Tracked objects:
   377 ;;		On entry : 0/0
   378 ;;		On exit  : 0/0
   379 ;;		Unchanged: 0/0
   380 ;; Data sizes:     COMRAM   BANK5   BANK6   BANK7   BANK8   BANK9  BANK10  BANK11  BANK12  BANK13  BANK14  BANK15  BANK1
      +6  BANK17  BANK18  BANK19  BANK20  BANK21  BANK22  BANK23  BANK24  BANK25  BANK26  BANK27  BANK28  BANK29  BANK30  BANK3
      +1  BANK32  BANK33  BANK34  BANK35  BANK36
   381 ;;      Params:         0       0       0       0       0       0       0       0       0       0       0       0       
      +0       0       0       0       0       0       0       0       0       0       0       0       0       0       0       
      +0       0       0       0       0       0
   382 ;;      Locals:         0       0       0       0       0       0       0       0       0       0       0       0       
      +0       0       0       0       0       0       0       0       0       0       0       0       0       0       0       
      +0       0       0       0       0       0
   383 ;;      Temps:          0       0       0       0       0       0       0       0       0       0       0       0       
      +0       0       0       0       0       0       0       0       0       0       0       0       0       0       0       
      +0       0       0       0       0       0
   384 ;;      Totals:         0       0       0       0       0       0       0       0       0       0       0       0       
      +0       0       0       0       0       0       0       0       0       0       0       0       0       0       0       
      +0       0       0       0       0       0
   385 ;;Total ram usage:        0 bytes
   386 ;; Hardware stack levels used: 1
   387 ;; This function calls:
   388 ;;		Nothing
   389 ;; This function is called by:
   390 ;;		_SYSTEM_Initialize
   391 ;; This function uses a non-reentrant model
   392 ;;
   393                           
   394                           	psect	text3
   395   01FF60                     __ptext3:
   396                           	callstack 0
   397   01FF60                     _PIN_MANAGER_Initialize:
   398                           	callstack 125
   399   01FF60                     
   400                           ;mcc_generated_files/pin_manager.c: 60:     LATE = 0x00;
   401   01FF60  0E00               	movlw	0
   402   01FF62  6EC2               	movwf	194,c	;volatile
   403                           
   404                           ;mcc_generated_files/pin_manager.c: 61:     LATD = 0x00;
   405   01FF64  0E00               	movlw	0
   406   01FF66  6EC1               	movwf	193,c	;volatile
   407                           
   408                           ;mcc_generated_files/pin_manager.c: 62:     LATA = 0x00;
   409   01FF68  0E00               	movlw	0
   410   01FF6A  6EBE               	movwf	190,c	;volatile
   411                           
   412                           ;mcc_generated_files/pin_manager.c: 63:     LATF = 0x00;
   413   01FF6C  0E00               	movlw	0
   414   01FF6E  6EC3               	movwf	195,c	;volatile
   415                           
   416                           ;mcc_generated_files/pin_manager.c: 64:     LATB = 0x00;
   417   01FF70  0E00               	movlw	0
   418   01FF72  6EBF               	movwf	191,c	;volatile
   419                           
   420                           ;mcc_generated_files/pin_manager.c: 65:     LATC = 0x00;
   421   01FF74  0E00               	movlw	0
   422   01FF76  6EC0               	movwf	192,c	;volatile
   423                           
   424                           ;mcc_generated_files/pin_manager.c: 70:     TRISE = 0x07;
   425   01FF78  0E07               	movlw	7
   426   01FF7A  6ECA               	movwf	202,c	;volatile
   427   01FF7C                     
   428                           ;mcc_generated_files/pin_manager.c: 71:     TRISF = 0xFF;
   429   01FF7C  68CB               	setf	203,c	;volatile
   430                           
   431                           ;mcc_generated_files/pin_manager.c: 72:     TRISA = 0x00;
   432   01FF7E  0E00               	movlw	0
   433   01FF80  6EC6               	movwf	198,c	;volatile
   434   01FF82                     
   435                           ;mcc_generated_files/pin_manager.c: 73:     TRISB = 0xFF;
   436   01FF82  68C7               	setf	199,c	;volatile
   437   01FF84                     
   438                           ;mcc_generated_files/pin_manager.c: 74:     TRISC = 0xFF;
   439   01FF84  68C8               	setf	200,c	;volatile
   440   01FF86                     
   441                           ;mcc_generated_files/pin_manager.c: 75:     TRISD = 0xFF;
   442   01FF86  68C9               	setf	201,c	;volatile
   443   01FF88                     
   444                           ;mcc_generated_files/pin_manager.c: 80:     ANSELD = 0xFF;
   445   01FF88  0104               	movlb	4	; () banked
   446   01FF8A  6918               	setf	24,b	;volatile
   447   01FF8C                     
   448                           ; BSR set to: 4
   449                           ;mcc_generated_files/pin_manager.c: 81:     ANSELC = 0xFF;
   450   01FF8C  6910               	setf	16,b	;volatile
   451   01FF8E                     
   452                           ; BSR set to: 4
   453                           ;mcc_generated_files/pin_manager.c: 82:     ANSELB = 0xFF;
   454   01FF8E  6908               	setf	8,b	;volatile
   455                           
   456                           ;mcc_generated_files/pin_manager.c: 83:     ANSELE = 0x07;
   457   01FF90  0E07               	movlw	7
   458   01FF92  6F20               	movwf	32,b	;volatile
   459   01FF94                     
   460                           ; BSR set to: 4
   461                           ;mcc_generated_files/pin_manager.c: 84:     ANSELF = 0xFF;
   462   01FF94  6928               	setf	40,b	;volatile
   463                           
   464                           ;mcc_generated_files/pin_manager.c: 85:     ANSELA = 0x00;
   465   01FF96  0E00               	movlw	0
   466   01FF98  6F00               	movwf	0,b	;volatile
   467                           
   468                           ;mcc_generated_files/pin_manager.c: 90:     WPUD = 0x00;
   469   01FF9A  0E00               	movlw	0
   470   01FF9C  6F19               	movwf	25,b	;volatile
   471                           
   472                           ;mcc_generated_files/pin_manager.c: 91:     WPUF = 0x00;
   473   01FF9E  0E00               	movlw	0
   474   01FFA0  6F29               	movwf	41,b	;volatile
   475                           
   476                           ;mcc_generated_files/pin_manager.c: 92:     WPUE = 0x00;
   477   01FFA2  0E00               	movlw	0
   478   01FFA4  6F21               	movwf	33,b	;volatile
   479                           
   480                           ;mcc_generated_files/pin_manager.c: 93:     WPUB = 0x00;
   481   01FFA6  0E00               	movlw	0
   482   01FFA8  6F09               	movwf	9,b	;volatile
   483                           
   484                           ;mcc_generated_files/pin_manager.c: 94:     WPUA = 0x00;
   485   01FFAA  0E00               	movlw	0
   486   01FFAC  6F01               	movwf	1,b	;volatile
   487                           
   488                           ;mcc_generated_files/pin_manager.c: 95:     WPUC = 0x00;
   489   01FFAE  0E00               	movlw	0
   490   01FFB0  6F11               	movwf	17,b	;volatile
   491                           
   492                           ;mcc_generated_files/pin_manager.c: 100:     RB1I2C = 0x00;
   493   01FFB2  0E00               	movlw	0
   494   01FFB4  0102               	movlb	2	; () banked
   495   01FFB6  6F89               	movwf	137,b	;volatile
   496                           
   497                           ;mcc_generated_files/pin_manager.c: 101:     RB2I2C = 0x00;
   498   01FFB8  0E00               	movlw	0
   499   01FFBA  6F88               	movwf	136,b	;volatile
   500                           
   501                           ;mcc_generated_files/pin_manager.c: 102:     RC3I2C = 0x00;
   502   01FFBC  0E00               	movlw	0
   503   01FFBE  6F87               	movwf	135,b	;volatile
   504                           
   505                           ;mcc_generated_files/pin_manager.c: 103:     RC4I2C = 0x00;
   506   01FFC0  0E00               	movlw	0
   507   01FFC2  6F86               	movwf	134,b	;volatile
   508                           
   509                           ;mcc_generated_files/pin_manager.c: 108:     ODCONE = 0x00;
   510   01FFC4  0E00               	movlw	0
   511   01FFC6  0104               	movlb	4	; () banked
   512   01FFC8  6F22               	movwf	34,b	;volatile
   513                           
   514                           ;mcc_generated_files/pin_manager.c: 109:     ODCONF = 0x00;
   515   01FFCA  0E00               	movlw	0
   516   01FFCC  6F2A               	movwf	42,b	;volatile
   517                           
   518                           ;mcc_generated_files/pin_manager.c: 110:     ODCONA = 0x00;
   519   01FFCE  0E00               	movlw	0
   520   01FFD0  6F02               	movwf	2,b	;volatile
   521                           
   522                           ;mcc_generated_files/pin_manager.c: 111:     ODCONB = 0x00;
   523   01FFD2  0E00               	movlw	0
   524   01FFD4  6F0A               	movwf	10,b	;volatile
   525                           
   526                           ;mcc_generated_files/pin_manager.c: 112:     ODCONC = 0x00;
   527   01FFD6  0E00               	movlw	0
   528   01FFD8  6F12               	movwf	18,b	;volatile
   529                           
   530                           ;mcc_generated_files/pin_manager.c: 113:     ODCOND = 0x00;
   531   01FFDA  0E00               	movlw	0
   532   01FFDC  6F1A               	movwf	26,b	;volatile
   533   01FFDE                     
   534                           ; BSR set to: 4
   535                           ;mcc_generated_files/pin_manager.c: 118:     SLRCONA = 0xFF;
   536   01FFDE  6903               	setf	3,b	;volatile
   537   01FFE0                     
   538                           ; BSR set to: 4
   539                           ;mcc_generated_files/pin_manager.c: 119:     SLRCONB = 0xFF;
   540   01FFE0  690B               	setf	11,b	;volatile
   541   01FFE2                     
   542                           ; BSR set to: 4
   543                           ;mcc_generated_files/pin_manager.c: 120:     SLRCONC = 0xFF;
   544   01FFE2  6913               	setf	19,b	;volatile
   545   01FFE4                     
   546                           ; BSR set to: 4
   547                           ;mcc_generated_files/pin_manager.c: 121:     SLRCOND = 0xFF;
   548   01FFE4  691B               	setf	27,b	;volatile
   549                           
   550                           ;mcc_generated_files/pin_manager.c: 122:     SLRCONE = 0x07;
   551   01FFE6  0E07               	movlw	7
   552   01FFE8  6F23               	movwf	35,b	;volatile
   553   01FFEA                     
   554                           ; BSR set to: 4
   555                           ;mcc_generated_files/pin_manager.c: 123:     SLRCONF = 0xFF;
   556   01FFEA  692B               	setf	43,b	;volatile
   557   01FFEC                     
   558                           ; BSR set to: 4
   559                           ;mcc_generated_files/pin_manager.c: 128:     INLVLA = 0xFF;
   560   01FFEC  6904               	setf	4,b	;volatile
   561   01FFEE                     
   562                           ; BSR set to: 4
   563                           ;mcc_generated_files/pin_manager.c: 129:     INLVLB = 0xFF;
   564   01FFEE  690C               	setf	12,b	;volatile
   565   01FFF0                     
   566                           ; BSR set to: 4
   567                           ;mcc_generated_files/pin_manager.c: 130:     INLVLC = 0xFF;
   568   01FFF0  6914               	setf	20,b	;volatile
   569   01FFF2                     
   570                           ; BSR set to: 4
   571                           ;mcc_generated_files/pin_manager.c: 131:     INLVLD = 0xFF;
   572   01FFF2  691C               	setf	28,b	;volatile
   573                           
   574                           ;mcc_generated_files/pin_manager.c: 132:     INLVLE = 0x0F;
   575   01FFF4  0E0F               	movlw	15
   576   01FFF6  6F24               	movwf	36,b	;volatile
   577   01FFF8                     
   578                           ; BSR set to: 4
   579                           ;mcc_generated_files/pin_manager.c: 133:     INLVLF = 0xFF;
   580   01FFF8  692C               	setf	44,b	;volatile
   581   01FFFA                     
   582                           ; BSR set to: 4
   583   01FFFA  0012               	return		;funcret
   584   01FFFC                     __end_of_PIN_MANAGER_Initialize:
   585                           	callstack 0
   586                           
   587 ;; *************** function _OSCILLATOR_Initialize *****************
   588 ;; Defined at:
   589 ;;		line 57 in file "mcc_generated_files/mcc.c"
   590 ;; Parameters:    Size  Location     Type
   591 ;;		None
   592 ;; Auto vars:     Size  Location     Type
   593 ;;		None
   594 ;; Return value:  Size  Location     Type
   595 ;;                  1    wreg      void 
   596 ;; Registers used:
   597 ;;		wreg, status,2
   598 ;; Tracked objects:
   599 ;;		On entry : 0/0
   600 ;;		On exit  : 0/0
   601 ;;		Unchanged: 0/0
   602 ;; Data sizes:     COMRAM   BANK5   BANK6   BANK7   BANK8   BANK9  BANK10  BANK11  BANK12  BANK13  BANK14  BANK15  BANK1
      +6  BANK17  BANK18  BANK19  BANK20  BANK21  BANK22  BANK23  BANK24  BANK25  BANK26  BANK27  BANK28  BANK29  BANK30  BANK3
      +1  BANK32  BANK33  BANK34  BANK35  BANK36
   603 ;;      Params:         0       0       0       0       0       0       0       0       0       0       0       0       
      +0       0       0       0       0       0       0       0       0       0       0       0       0       0       0       
      +0       0       0       0       0       0
   604 ;;      Locals:         0       0       0       0       0       0       0       0       0       0       0       0       
      +0       0       0       0       0       0       0       0       0       0       0       0       0       0       0       
      +0       0       0       0       0       0
   605 ;;      Temps:          0       0       0       0       0       0       0       0       0       0       0       0       
      +0       0       0       0       0       0       0       0       0       0       0       0       0       0       0       
      +0       0       0       0       0       0
   606 ;;      Totals:         0       0       0       0       0       0       0       0       0       0       0       0       
      +0       0       0       0       0       0       0       0       0       0       0       0       0       0       0       
      +0       0       0       0       0       0
   607 ;;Total ram usage:        0 bytes
   608 ;; Hardware stack levels used: 1
   609 ;; This function calls:
   610 ;;		Nothing
   611 ;; This function is called by:
   612 ;;		_SYSTEM_Initialize
   613 ;; This function uses a non-reentrant model
   614 ;;
   615                           
   616                           	psect	text4
   617   01FEC6                     __ptext4:
   618                           	callstack 0
   619   01FEC6                     _OSCILLATOR_Initialize:
   620                           	callstack 125
   621   01FEC6                     
   622                           ;mcc_generated_files/mcc.c: 60:     OSCCON1 = 0x62;
   623   01FEC6  0E62               	movlw	98
   624   01FEC8  0100               	movlb	0	; () banked
   625   01FECA  6FAD               	movwf	173,b	;volatile
   626                           
   627                           ;mcc_generated_files/mcc.c: 62:     OSCCON3 = 0x00;
   628   01FECC  0E00               	movlw	0
   629   01FECE  6FAF               	movwf	175,b	;volatile
   630                           
   631                           ;mcc_generated_files/mcc.c: 64:     OSCEN = 0x00;
   632   01FED0  0E00               	movlw	0
   633   01FED2  6FB3               	movwf	179,b	;volatile
   634                           
   635                           ;mcc_generated_files/mcc.c: 66:     OSCFRQ = 0x02;
   636   01FED4  0E02               	movlw	2
   637   01FED6  6FB1               	movwf	177,b	;volatile
   638                           
   639                           ;mcc_generated_files/mcc.c: 68:     OSCTUNE = 0x00;
   640   01FED8  0E00               	movlw	0
   641   01FEDA  6FB0               	movwf	176,b	;volatile
   642                           
   643                           ;mcc_generated_files/mcc.c: 70:     ACTCON = 0x00;
   644   01FEDC  0E00               	movlw	0
   645   01FEDE  6FAC               	movwf	172,b	;volatile
   646   01FEE0                     
   647                           ; BSR set to: 0
   648   01FEE0  0012               	return		;funcret
   649   01FEE2                     __end_of_OSCILLATOR_Initialize:
   650                           	callstack 0
   651   000000                     
   652                           	psect	rparam
   653   000000                     
   654                           	psect	idloc
   655                           
   656                           ;Config register IDLOC0 @ 0x200000
   657                           ;	unspecified, using default values
   658   200000                     	org	2097152
   659   200000  0FFF               	dw	4095
   660                           
   661                           ;Config register IDLOC1 @ 0x200002
   662                           ;	unspecified, using default values
   663   200002                     	org	2097154
   664   200002  0FFF               	dw	4095
   665                           
   666                           ;Config register IDLOC2 @ 0x200004
   667                           ;	unspecified, using default values
   668   200004                     	org	2097156
   669   200004  0FFF               	dw	4095
   670                           
   671                           ;Config register IDLOC3 @ 0x200006
   672                           ;	unspecified, using default values
   673   200006                     	org	2097158
   674   200006  0FFF               	dw	4095
   675                           
   676                           ;Config register IDLOC4 @ 0x200008
   677                           ;	unspecified, using default values
   678   200008                     	org	2097160
   679   200008  0FFF               	dw	4095
   680                           
   681                           ;Config register IDLOC5 @ 0x20000A
   682                           ;	unspecified, using default values
   683   20000A                     	org	2097162
   684   20000A  0FFF               	dw	4095
   685                           
   686                           ;Config register IDLOC6 @ 0x20000C
   687                           ;	unspecified, using default values
   688   20000C                     	org	2097164
   689   20000C  0FFF               	dw	4095
   690                           
   691                           ;Config register IDLOC7 @ 0x20000E
   692                           ;	unspecified, using default values
   693   20000E                     	org	2097166
   694   20000E  0FFF               	dw	4095
   695                           
   696                           ;Config register IDLOC8 @ 0x200010
   697                           ;	unspecified, using default values
   698   200010                     	org	2097168
   699   200010  0FFF               	dw	4095
   700                           
   701                           ;Config register IDLOC9 @ 0x200012
   702                           ;	unspecified, using default values
   703   200012                     	org	2097170
   704   200012  0FFF               	dw	4095
   705                           
   706                           ;Config register IDLOC10 @ 0x200014
   707                           ;	unspecified, using default values
   708   200014                     	org	2097172
   709   200014  0FFF               	dw	4095
   710                           
   711                           ;Config register IDLOC11 @ 0x200016
   712                           ;	unspecified, using default values
   713   200016                     	org	2097174
   714   200016  0FFF               	dw	4095
   715                           
   716                           ;Config register IDLOC12 @ 0x200018
   717                           ;	unspecified, using default values
   718   200018                     	org	2097176
   719   200018  0FFF               	dw	4095
   720                           
   721                           ;Config register IDLOC13 @ 0x20001A
   722                           ;	unspecified, using default values
   723   20001A                     	org	2097178
   724   20001A  0FFF               	dw	4095
   725                           
   726                           ;Config register IDLOC14 @ 0x20001C
   727                           ;	unspecified, using default values
   728   20001C                     	org	2097180
   729   20001C  0FFF               	dw	4095
   730                           
   731                           ;Config register IDLOC15 @ 0x20001E
   732                           ;	unspecified, using default values
   733   20001E                     	org	2097182
   734   20001E  0FFF               	dw	4095
   735                           
   736                           ;Config register IDLOC16 @ 0x200020
   737                           ;	unspecified, using default values
   738   200020                     	org	2097184
   739   200020  0FFF               	dw	4095
   740                           
   741                           ;Config register IDLOC17 @ 0x200022
   742                           ;	unspecified, using default values
   743   200022                     	org	2097186
   744   200022  0FFF               	dw	4095
   745                           
   746                           ;Config register IDLOC18 @ 0x200024
   747                           ;	unspecified, using default values
   748   200024                     	org	2097188
   749   200024  0FFF               	dw	4095
   750                           
   751                           ;Config register IDLOC19 @ 0x200026
   752                           ;	unspecified, using default values
   753   200026                     	org	2097190
   754   200026  0FFF               	dw	4095
   755                           
   756                           ;Config register IDLOC20 @ 0x200028
   757                           ;	unspecified, using default values
   758   200028                     	org	2097192
   759   200028  0FFF               	dw	4095
   760                           
   761                           ;Config register IDLOC21 @ 0x20002A
   762                           ;	unspecified, using default values
   763   20002A                     	org	2097194
   764   20002A  0FFF               	dw	4095
   765                           
   766                           ;Config register IDLOC22 @ 0x20002C
   767                           ;	unspecified, using default values
   768   20002C                     	org	2097196
   769   20002C  0FFF               	dw	4095
   770                           
   771                           ;Config register IDLOC23 @ 0x20002E
   772                           ;	unspecified, using default values
   773   20002E                     	org	2097198
   774   20002E  0FFF               	dw	4095
   775                           
   776                           ;Config register IDLOC24 @ 0x200030
   777                           ;	unspecified, using default values
   778   200030                     	org	2097200
   779   200030  0FFF               	dw	4095
   780                           
   781                           ;Config register IDLOC25 @ 0x200032
   782                           ;	unspecified, using default values
   783   200032                     	org	2097202
   784   200032  0FFF               	dw	4095
   785                           
   786                           ;Config register IDLOC26 @ 0x200034
   787                           ;	unspecified, using default values
   788   200034                     	org	2097204
   789   200034  0FFF               	dw	4095
   790                           
   791                           ;Config register IDLOC27 @ 0x200036
   792                           ;	unspecified, using default values
   793   200036                     	org	2097206
   794   200036  0FFF               	dw	4095
   795                           
   796                           ;Config register IDLOC28 @ 0x200038
   797                           ;	unspecified, using default values
   798   200038                     	org	2097208
   799   200038  0FFF               	dw	4095
   800                           
   801                           ;Config register IDLOC29 @ 0x20003A
   802                           ;	unspecified, using default values
   803   20003A                     	org	2097210
   804   20003A  0FFF               	dw	4095
   805                           
   806                           ;Config register IDLOC30 @ 0x20003C
   807                           ;	unspecified, using default values
   808   20003C                     	org	2097212
   809   20003C  0FFF               	dw	4095
   810                           
   811                           ;Config register IDLOC31 @ 0x20003E
   812                           ;	unspecified, using default values
   813   20003E                     	org	2097214
   814   20003E  0FFF               	dw	4095
   815                           
   816                           	psect	config
   817                           
   818                           ;Config register CONFIG1 @ 0x300000
   819                           ;	External Oscillator Selection
   820                           ;	FEXTOSC = OFF, Oscillator not enabled
   821                           ;	Reset Oscillator Selection
   822                           ;	RSTOSC = HFINTOSC_1MHZ, HFINTOSC with HFFRQ = 4 MHz and CDIV = 4:1
   823   300000                     	org	3145728
   824   300000  EC                 	db	236
   825                           
   826                           ;Config register CONFIG2 @ 0x300001
   827                           ;	Clock out Enable bit
   828                           ;	CLKOUTEN = OFF, CLKOUT function is disabled
   829                           ;	PRLOCKED One-Way Set Enable bit
   830                           ;	PR1WAY = ON, PRLOCKED bit can be cleared and set only once
   831                           ;	Clock Switch Enable bit
   832                           ;	CSWEN = ON, Writing to NOSC and NDIV is allowed
   833                           ;	Fail-Safe Clock Monitor Enable bit
   834                           ;	FCMEN = ON, Fail-Safe Clock Monitor enabled
   835   300001                     	org	3145729
   836   300001  FF                 	db	255
   837                           
   838                           ;Config register CONFIG3 @ 0x300002
   839                           ;	MCLR Enable bit
   840                           ;	MCLRE = EXTMCLR, If LVP = 0, MCLR pin is MCLR; If LVP = 1, RE3 pin function is MCLR
   841                           ;	Power-up timer selection bits
   842                           ;	PWRTS = PWRT_OFF, PWRT is disabled
   843                           ;	Multi-vector enable bit
   844                           ;	MVECEN = OFF, Interrupt contoller does not use vector table to prioritze interrupts
   845                           ;	IVTLOCK bit One-way set enable bit
   846                           ;	IVT1WAY = ON, IVTLOCKED bit can be cleared and set only once
   847                           ;	Low Power BOR Enable bit
   848                           ;	LPBOREN = OFF, Low-Power BOR disabled
   849                           ;	Brown-out Reset Enable bits
   850                           ;	BOREN = SBORDIS, Brown-out Reset enabled , SBOREN bit is ignored
   851   300002                     	org	3145730
   852   300002  F7                 	db	247
   853                           
   854                           ;Config register CONFIG4 @ 0x300003
   855                           ;	Brown-out Reset Voltage Selection bits
   856                           ;	BORV = VBOR_1P9, Brown-out Reset Voltage (VBOR) set to 1.9V
   857                           ;	ZCD Disable bit
   858                           ;	ZCD = OFF, ZCD module is disabled. ZCD can be enabled by setting the ZCDSEN bit of ZCD
      +                          CON
   859                           ;	PPSLOCK bit One-Way Set Enable bit
   860                           ;	PPS1WAY = ON, PPSLOCKED bit can be cleared and set only once; PPS registers remain loc
      +                          ked after one clear/set cycle
   861                           ;	Stack Full/Underflow Reset Enable bit
   862                           ;	STVREN = ON, Stack full/underflow will cause Reset
   863                           ;	Low Voltage Programming Enable bit
   864                           ;	LVP = ON, Low voltage programming enabled. MCLR/VPP pin function is MCLR. MCLRE config
      +                          uration bit is ignored
   865                           ;	Extended Instruction Set Enable bit
   866                           ;	XINST = OFF, Extended Instruction Set and Indexed Addressing Mode disabled
   867   300003                     	org	3145731
   868   300003  FF                 	db	255
   869                           
   870                           ;Config register CONFIG5 @ 0x300004
   871                           ;	WDT Period selection bits
   872                           ;	WDTCPS = WDTCPS_31, Divider ratio 1:65536; software control of WDTPS
   873                           ;	WDT operating mode
   874                           ;	WDTE = OFF, WDT Disabled; SWDTEN is ignored
   875   300004                     	org	3145732
   876   300004  9F                 	db	159
   877                           
   878                           ;Config register CONFIG6 @ 0x300005
   879                           ;	WDT Window Select bits
   880                           ;	WDTCWS = WDTCWS_7, window always open (100%); software control; keyed access not requi
      +                          red
   881                           ;	WDT input clock selector
   882                           ;	WDTCCS = SC, Software Control
   883   300005                     	org	3145733
   884   300005  FF                 	db	255
   885                           
   886                           ;Config register CONFIG7 @ 0x300006
   887                           ;	Boot Block Size selection bits
   888                           ;	BBSIZE = BBSIZE_512, Boot Block size is 512 words
   889                           ;	Boot Block enable bit
   890                           ;	BBEN = OFF, Boot block disabled
   891                           ;	Storage Area Flash enable bit
   892                           ;	SAFEN = OFF, SAF disabled
   893                           ;	Background Debugger
   894                           ;	DEBUG = OFF, Background Debugger disabled
   895   300006                     	org	3145734
   896   300006  FF                 	db	255
   897                           
   898                           ;Config register CONFIG8 @ 0x300007
   899                           ;	Boot Block Write Protection bit
   900                           ;	WRTB = OFF, Boot Block not Write protected
   901                           ;	Configuration Register Write Protection bit
   902                           ;	WRTC = OFF, Configuration registers not Write protected
   903                           ;	Data EEPROM Write Protection bit
   904                           ;	WRTD = OFF, Data EEPROM not Write protected
   905                           ;	SAF Write protection bit
   906                           ;	WRTSAF = OFF, SAF not Write Protected
   907                           ;	Application Block write protection bit
   908                           ;	WRTAPP = OFF, Application Block not write protected
   909   300007                     	org	3145735
   910   300007  FF                 	db	255
   911                           
   912                           ; Padding undefined space
   913   300008                     	org	3145736
   914   300008  FF                 	db	255
   915                           
   916                           ;Config register CONFIG10 @ 0x300009
   917                           ;	PFM and Data EEPROM Code Protection bit
   918                           ;	CP = OFF, PFM and Data EEPROM code protection disabled
   919   300009                     	org	3145737
   920   300009  FF                 	db	255
   921                           tosu	equ	0x4FF
   922                           tosh	equ	0x4FE
   923                           tosl	equ	0x4FD
   924                           stkptr	equ	0x4FC
   925                           pclatu	equ	0x4FB
   926                           pclath	equ	0x4FA
   927                           pcl	equ	0x4F9
   928                           tblptru	equ	0x4F8
   929                           tblptrh	equ	0x4F7
   930                           tblptrl	equ	0x4F6
   931                           tablat	equ	0x4F5
   932                           prodh	equ	0x4F4
   933                           prodl	equ	0x4F3
   934                           indf0	equ	0x4EF
   935                           postinc0	equ	0x4EE
   936                           postdec0	equ	0x4ED
   937                           preinc0	equ	0x4EC
   938                           plusw0	equ	0x4EB
   939                           fsr0h	equ	0x4EA
   940                           fsr0l	equ	0x4E9
   941                           wreg	equ	0x4E8
   942                           indf1	equ	0x4E7
   943                           postinc1	equ	0x4E6
   944                           postdec1	equ	0x4E5
   945                           preinc1	equ	0x4E4
   946                           plusw1	equ	0x4E3
   947                           fsr1h	equ	0x4E2
   948                           fsr1l	equ	0x4E1
   949                           bsr	equ	0x4E0
   950                           indf2	equ	0x4DF
   951                           postinc2	equ	0x4DE
   952                           postdec2	equ	0x4DD
   953                           preinc2	equ	0x4DC
   954                           plusw2	equ	0x4DB
   955                           fsr2h	equ	0x4DA
   956                           fsr2l	equ	0x4D9
   957                           status	equ	0x4D8

Data Sizes:
    Strings     0
    Constant    0
    Data        0
    BSS         0
    Persistent  0
    Stack       0

Auto Spaces:
    Space          Size  Autos    Used
    COMRAM           95      1       1
    BANK5           160      0       0
    BANK6           256      0       0
    BANK7           256      0       0
    BANK8           256      0       0
    BANK9           256      0       0
    BANK10          256      0       0
    BANK11          256      0       0
    BANK12          256      0       0
    BANK13          256      0       0
    BANK14          256      0       0
    BANK15          256      0       0
    BANK16          256      0       0
    BANK17          256      0       0
    BANK18          256      0       0
    BANK19          256      0       0
    BANK20          256      0       0
    BANK21          256      0       0
    BANK22          256      0       0
    BANK23          256      0       0
    BANK24          256      0       0
    BANK25          256      0       0
    BANK26          256      0       0
    BANK27          256      0       0
    BANK28          256      0       0
    BANK29          256      0       0
    BANK30          256      0       0
    BANK31          256      0       0
    BANK32          256      0       0
    BANK33          256      0       0
    BANK34          256      0       0
    BANK35          256      0       0
    BANK36          256      0       0

Pointer List with Targets:

    None.

Critical Paths under _main in COMRAM

    None.

Critical Paths under _main in BANK5

    None.

Critical Paths under _main in BANK6

    None.

Critical Paths under _main in BANK7

    None.

Critical Paths under _main in BANK8

    None.

Critical Paths under _main in BANK9

    None.

Critical Paths under _main in BANK10

    None.

Critical Paths under _main in BANK11

    None.

Critical Paths under _main in BANK12

    None.

Critical Paths under _main in BANK13

    None.

Critical Paths under _main in BANK14

    None.

Critical Paths under _main in BANK15

    None.

Critical Paths under _main in BANK16

    None.

Critical Paths under _main in BANK17

    None.

Critical Paths under _main in BANK18

    None.

Critical Paths under _main in BANK19

    None.

Critical Paths under _main in BANK20

    None.

Critical Paths under _main in BANK21

    None.

Critical Paths under _main in BANK22

    None.

Critical Paths under _main in BANK23

    None.

Critical Paths under _main in BANK24

    None.

Critical Paths under _main in BANK25

    None.

Critical Paths under _main in BANK26

    None.

Critical Paths under _main in BANK27

    None.

Critical Paths under _main in BANK28

    None.

Critical Paths under _main in BANK29

    None.

Critical Paths under _main in BANK30

    None.

Critical Paths under _main in BANK31

    None.

Critical Paths under _main in BANK32

    None.

Critical Paths under _main in BANK33

    None.

Critical Paths under _main in BANK34

    None.

Critical Paths under _main in BANK35

    None.

Critical Paths under _main in BANK36

    None.

Call Graph Tables:

 ---------------------------------------------------------------------------------
 (Depth) Function   	        Calls       Base Space   Used Autos Params    Refs
 ---------------------------------------------------------------------------------
 (0) _main                                                 1     1      0       0
                                              0 COMRAM     1     1      0
                  _SYSTEM_Initialize
 ---------------------------------------------------------------------------------
 (1) _SYSTEM_Initialize                                    0     0      0       0
              _OSCILLATOR_Initialize
             _PIN_MANAGER_Initialize
                     _PMD_Initialize
 ---------------------------------------------------------------------------------
 (2) _PMD_Initialize                                       0     0      0       0
 ---------------------------------------------------------------------------------
 (2) _PIN_MANAGER_Initialize                               0     0      0       0
 ---------------------------------------------------------------------------------
 (2) _OSCILLATOR_Initialize                                0     0      0       0
 ---------------------------------------------------------------------------------
 Estimated maximum stack depth 2
 ---------------------------------------------------------------------------------

 Call Graph Graphs:

 _main (ROOT)
   _SYSTEM_Initialize
     _OSCILLATOR_Initialize
     _PIN_MANAGER_Initialize
     _PMD_Initialize

 Address spaces:
Name               Size   Autos  Total    Cost      Usage
BITCOMRAM           5F      0       0       0        0.0%
EEDATA             400      0       0       0        0.0%
NULL                 0      0       0       0        0.0%
CODE                 0      0       0       0        0.0%
COMRAM              5F      1       1       1        1.1%
STACK                0      0       0       2        0.0%
DATA                 0      0       0       3        0.0%
BITBANK5            A0      0       0       4        0.0%
BANK5               A0      0       0       5        0.0%
BITBANK6           100      0       0       6        0.0%
BANK6              100      0       0       7        0.0%
BITBANK7           100      0       0       8        0.0%
BANK7              100      0       0       9        0.0%
BITBANK8           100      0       0      10        0.0%
BANK8              100      0       0      11        0.0%
BITBANK9           100      0       0      12        0.0%
BANK9              100      0       0      13        0.0%
BITBANK10          100      0       0      14        0.0%
BANK10             100      0       0      15        0.0%
BITBANK11          100      0       0      16        0.0%
BANK11             100      0       0      17        0.0%
BITBANK12          100      0       0      18        0.0%
BANK12             100      0       0      19        0.0%
BITBANK13          100      0       0      20        0.0%
BANK13             100      0       0      21        0.0%
BITBANK14          100      0       0      22        0.0%
BANK14             100      0       0      23        0.0%
BITBANK15          100      0       0      24        0.0%
BANK15             100      0       0      25        0.0%
BITBANK16          100      0       0      26        0.0%
BANK16             100      0       0      27        0.0%
BITBANK17          100      0       0      28        0.0%
BANK17             100      0       0      29        0.0%
BITBANK18          100      0       0      30        0.0%
BANK18             100      0       0      31        0.0%
BITBANK19          100      0       0      32        0.0%
BANK19             100      0       0      33        0.0%
BITBANK20          100      0       0      34        0.0%
BANK20             100      0       0      35        0.0%
BITBANK21          100      0       0      36        0.0%
BANK21             100      0       0      37        0.0%
BITBANK22          100      0       0      38        0.0%
BANK22             100      0       0      39        0.0%
BITBANK23          100      0       0      40        0.0%
BANK23             100      0       0      41        0.0%
BITBANK24          100      0       0      42        0.0%
BANK24             100      0       0      43        0.0%
ABS                  0      0       0      44        0.0%
BITBANK25          100      0       0      45        0.0%
BANK25             100      0       0      46        0.0%
BITBANK26          100      0       0      47        0.0%
BANK26             100      0       0      48        0.0%
BITBANK27          100      0       0      49        0.0%
BANK27             100      0       0      50        0.0%
BITBANK28          100      0       0      51        0.0%
BANK28             100      0       0      52        0.0%
BITBANK29          100      0       0      53        0.0%
BANK29             100      0       0      54        0.0%
BITBANK30          100      0       0      55        0.0%
BANK30             100      0       0      56        0.0%
BITBANK31          100      0       0      57        0.0%
BANK31             100      0       0      58        0.0%
BITBANK32          100      0       0      59        0.0%
BANK32             100      0       0      60        0.0%
BITBANK33          100      0       0      61        0.0%
BANK33             100      0       0      62        0.0%
BITBANK34          100      0       0      63        0.0%
BANK34             100      0       0      64        0.0%
BITBANK35          100      0       0      65        0.0%
BANK35             100      0       0      66        0.0%
BITBANK36          100      0       0      67        0.0%
BANK36             100      0       0      68        0.0%
BITBIGSFR_1        100      0       0      69        0.0%
BIGRAM            1FFF      0       0      70        0.0%
BITBIGSFRhhhhh      34      0       0      71        0.0%
BITBIGSFRhhhhll      2      0       0      72        0.0%
BITBIGSFRhhhllh     91      0       0      73        0.0%
BITBIGSFRhhhllh      3      0       0      74        0.0%
BITBIGSFRhhhllh      3      0       0      75        0.0%
BITBIGSFRhhhlll      3      0       0      76        0.0%
BITBIGSFRhhhlll      3      0       0      77        0.0%
BITBIGSFRhhhlll      3      0       0      78        0.0%
BITBIGSFRhhhlll    176      0       0      79        0.0%
BITBIGSFRhhhlll    1D2      0       0      80        0.0%
BITBIGSFRhhlh        1      0       0      81        0.0%
BITBIGSFRhl          1      0       0      82        0.0%
BITBIGSFRlhh        43      0       0      83        0.0%
BITBIGSFRlhl         1      0       0      84        0.0%
BITBIGSFRll         60      0       0      85        0.0%
BIGSFR_1             0      0       0     200        0.0%
BIGSFR               0      0       0     200        0.0%
BITSFR_6             0      0       0     200        0.0%
SFR_6                0      0       0     200        0.0%
BITSFR_5             0      0       0     200        0.0%
SFR_5                0      0       0     200        0.0%
BITSFR_4             0      0       0     200        0.0%
SFR_4                0      0       0     200        0.0%
BITSFR_3             0      0       0     200        0.0%
SFR_3                0      0       0     200        0.0%
BITSFR_2             0      0       0     200        0.0%
SFR_2                0      0       0     200        0.0%
BITSFR_1             0      0       0     200        0.0%
SFR_1                0      0       0     200        0.0%
BITSFR               0      0       0     200        0.0%
SFR                  0      0       0     200        0.0%


Microchip Technology PIC18 Macro Assembler V2.40 build 20220703182018 
Symbol Table                                                                                   Mon Oct 03 17:15:38 2022

                            l40 FEE0                              l43 FF04                              l37 FEC4  
                            u17 FF14                              u27 FF28                              u37 FF3C  
                            u47 FF4E                             l138 FFFA                             l831 FEE2  
                           l841 FF86                             l833 FF60                             l851 FFDE  
                           l843 FF88                             l835 FF7C                             l861 FFEC  
                           l853 FFE0                             l845 FF8C                             l837 FF82  
                           l871 FEC6                             l863 FFEE                             l855 FFE2  
                           l847 FF8E                             l839 FF84                             l865 FFF0  
                           l857 FFE4                             l849 FF94                             l873 FEB8  
                           l881 FF1E                             l867 FFF2                             l859 FFEA  
                           l891 FF48                             l883 FF22                             l875 FF06  
                           l869 FFF8                             l885 FF32                             l877 FF0A  
                           l887 FF36                             l879 FF0E                             l889 FF46  
                           wreg 0004E8                            _LATA 0004BE                            _LATB 0004BF  
                          _LATC 0004C0                            _LATD 0004C1                            _LATE 0004C2  
                          _LATF 0004C3                            _PMD0 000060                            _PMD1 000061  
                          _PMD3 000063                            _PMD4 000064                            _PMD5 000065  
                          _PMD6 000066                            _PMD7 000067                            _PMD8 000068  
                          _WPUA 000401                            _WPUB 000409                            _WPUC 000411  
                          _WPUD 000419                            _WPUE 000421                            _WPUF 000429  
                          _main FF06                            start FFFC                    ___param_bank 000000  
 __end_of_OSCILLATOR_Initialize FEE2                           ?_main 0501                           _OSCEN 0000B3  
                         _TRISA 0004C6                           _TRISB 0004C7                           _TRISC 0004C8  
                         _TRISD 0004C9                           _TRISE 0004CA                           _TRISF 0004CB  
               __initialization FEB2                    __end_of_main FF60                          ??_main 0501  
                 __activetblptr 000000                          _ACTCON 0000AC                          _ANSELA 000400  
                        _ANSELB 000408                          _ANSELC 000410                          _ANSELD 000418  
                        _ANSELE 000420                          _ANSELF 000428                          _RB1I2C 000289  
                        _RB2I2C 000288                          _RC3I2C 000287                          _RC4I2C 000286  
                        _ODCONA 000402                          _ODCONB 00040A                          _ODCONC 000412  
                        _ODCOND 00041A                          _ODCONE 000422                          _ODCONF 00042A  
                        _INLVLA 000404                          _INLVLB 00040C                          _INLVLC 000414  
                        _INLVLD 00041C                          _INLVLE 000424                          _INLVLF 00042C  
                        _OSCFRQ 0000B1                          isa$std 000001                  _PMD_Initialize FEE2  
             _SYSTEM_Initialize FEB8                      __accesstop 0560         __end_of__initialization FEB2  
            ?_SYSTEM_Initialize 0501                   ___rparam_used 000001                  __pcstackCOMRAM 0501  
           ??_SYSTEM_Initialize 0501          __end_of_PMD_Initialize FF06       __end_of_SYSTEM_Initialize FEC6  
               ?_PMD_Initialize 0501                         _OSCCON1 0000AD                         _OSCCON3 0000AF  
                       _OSCTUNE 0000B0                         _SLRCONA 000403                         _SLRCONB 00040B  
                       _SLRCONC 000413                         _SLRCOND 00041B                         _SLRCONE 000423  
                       _SLRCONF 00042B                         __Hparam 0000                         __Lparam 0000  
                       __pcinit FEB2                         __ramtop 2600                         __ptext0 FF06  
                       __ptext1 FEB8                         __ptext2 FEE2                         __ptext3 FF60  
                       __ptext4 FEC6           _OSCILLATOR_Initialize FEC6        ??_PIN_MANAGER_Initialize 0501  
          end_of_initialization FEB2          ?_OSCILLATOR_Initialize 0501             start_initialization FEB2  
              ??_PMD_Initialize 0501          _PIN_MANAGER_Initialize FF60                        __Hrparam 0000  
                      __Lrparam 0000         ??_OSCILLATOR_Initialize 0501                        isa$xinst 000000  
       ?_PIN_MANAGER_Initialize 0501  __end_of_PIN_MANAGER_Initialize FFFC  
