

Microchip MPLAB XC8 Assembler V2.40 build 20220703182018 
                                                                                               Sun Nov 27 18:20:34 2022

Microchip MPLAB XC8 C Compiler v2.40 (Free license) build 20220703182018 Og1 
     1                           	processor	18F4550
     2                           	fnconf	rparam,??,?,0
     3                           	pagewidth 120
     4                           	opt	flic
     5                           	psect	idataCOMRAM,global,class=CODE,delta=1,noexec
     6                           	psect	smallconst,global,reloc=2,class=SMALLCONST,delta=1,noexec
     7                           	psect	cinit,global,reloc=2,class=CODE,delta=1
     8                           	psect	bssCOMRAM,global,class=COMRAM,space=1,delta=1,lowdata,noexec
     9                           	psect	dataCOMRAM,global,class=COMRAM,space=1,delta=1,lowdata,noexec
    10                           	psect	cstackCOMRAM,global,class=COMRAM,space=1,delta=1,lowdata,noexec
    11                           	psect	text0,global,reloc=2,class=CODE,delta=1
    12                           	psect	text1,global,reloc=2,class=CODE,delta=1
    13                           	psect	text2,global,reloc=2,class=CODE,delta=1
    14                           	psect	text3,global,reloc=2,class=CODE,delta=1
    15                           	psect	text4,global,reloc=2,class=CODE,delta=1
    16                           	psect	text5,global,reloc=2,class=CODE,delta=1
    17                           	psect	text6,global,reloc=2,class=CODE,delta=1
    18                           	psect	text7,global,reloc=2,class=CODE,delta=1
    19                           	psect	intsave_regs,global,class=BIGRAM,space=1,delta=1,noexec
    20                           	psect	rparam,global,class=COMRAM,space=1,delta=1,noexec
    21                           	psect	idloc,global,abs,ovrld,class=IDLOC,space=5,delta=1,noexec
    22                           	psect	config,global,abs,ovrld,class=CONFIG,space=4,delta=1,noexec
    23   000000                     
    24                           ; Version 2.40
    25                           ; Generated 17/11/2021 GMT
    26                           ; 
    27                           ; Copyright © 2021, Microchip Technology Inc. and its subsidiaries ("Microchip")
    28                           ; All rights reserved.
    29                           ; 
    30                           ; This software is developed by Microchip Technology Inc. and its subsidiaries ("Microch
      +                          ip").
    31                           ; 
    32                           ; Redistribution and use in source and binary forms, with or without modification, are
    33                           ; permitted provided that the following conditions are met:
    34                           ; 
    35                           ;     1. Redistributions of source code must retain the above copyright notice, this lis
      +                          t of
    36                           ;        conditions and the following disclaimer.
    37                           ; 
    38                           ;     2. Redistributions in binary form must reproduce the above copyright notice, this 
      +                          list
    39                           ;        of conditions and the following disclaimer in the documentation and/or other
    40                           ;        materials provided with the distribution. Publication is not required when
    41                           ;        this file is used in an embedded application.
    42                           ; 
    43                           ;     3. Microchip's name may not be used to endorse or promote products derived from th
      +                          is
    44                           ;        software without specific prior written permission.
    45                           ; 
    46                           ; THIS SOFTWARE IS PROVIDED BY MICROCHIP "AS IS" AND ANY EXPRESS OR IMPLIED WARRANTIES,
    47                           ; INCLUDING, BUT NOT LIMITED TO, THE IMPLIED WARRANTIES OF MERCHANTABILITY AND FITNESS F
      +                          OR
    48                           ; PURPOSE ARE DISCLAIMED.  IN NO EVENT SHALL MICROCHIP BE LIABLE FOR ANY DIRECT, INDIREC
      +                          T,
    49                           ; INCIDENTAL, SPECIAL, EXEMPLARY, OR CONSEQUENTIAL DAMAGES (INCLUDING BUT NOT LIMITED TO
    50                           ; PROCUREMENT OF SUBSTITUTE GOODS OR SERVICES; LOSS OF USE, DATA OR PROFITS; OR BUSINESS
    51                           ; INTERRUPTION) HOWSOEVER CAUSED AND ON ANY THEORY OF LIABILITY, WHETHER IN CONTRACT, ST
      +                          RICT
    52                           ; LIABILITY, OR TORT (INCLUDING NEGLIGENCE OR OTHERWISE) ARISING IN ANY WAY OUT OF THE U
      +                          SE OF
    53                           ; THIS SOFTWARE, EVEN IF ADVISED OF THE POSSIBILITY OF SUCH DAMAGE.
    54                           ; 
    55                           ; 
    56                           ; Code-generator required, PIC18F4550 Definitions
    57                           ; 
    58                           ; SFR Addresses
    59   000000                     
    60                           	psect	idataCOMRAM
    61   000AFC                     __pidataCOMRAM:
    62                           	callstack 0
    63                           
    64                           ;initializer for _decimal
    65   000AFC  0A3D               	dw	2621
    66   000AFE  408F               	dw	16527
    67                           
    68                           ;initializer for _entero
    69   000B00  0014               	dw	20
    70   000000                     _RD3	set	31771
    71   000000                     _RD2	set	31770
    72   000000                     _RD7	set	31775
    73   000000                     _RD6	set	31774
    74   000000                     _RD5	set	31773
    75   000000                     _RD4	set	31772
    76   000000                     _TRISD	set	3989
    77                           
    78                           	psect	smallconst
    79   000800                     __psmallconst:
    80                           	callstack 0
    81   000800  00                 	db	0
    82   000801                     STR_1:
    83   000801  54                 	db	84	;'T'
    84   000802  45                 	db	69	;'E'
    85   000803  32                 	db	50	;'2'
    86   000804  30                 	db	48	;'0'
    87   000805  31                 	db	49	;'1'
    88   000806  35                 	db	53	;'5'
    89   000807  20                 	db	32
    90   000808  2D                 	db	45
    91   000809  20                 	db	32
    92   00080A  4C                 	db	76	;'L'
    93   00080B  61                 	db	97	;'a'
    94   00080C  62                 	db	98	;'b'
    95   00080D  20                 	db	32
    96   00080E  64                 	db	100	;'d'
    97   00080F  65                 	db	101	;'e'
    98   000810  00                 	db	0
    99   000811                     STR_2:
   100   000811  4D                 	db	77	;'M'
   101   000812  69                 	db	105	;'i'
   102   000813  63                 	db	99	;'c'
   103   000814  72                 	db	114	;'r'
   104   000815  6F                 	db	111	;'o'
   105   000816  73                 	db	115	;'s'
   106   000817  2C                 	db	44
   107   000818  20                 	db	32
   108   000819  41                 	db	65	;'A'
   109   00081A  44                 	db	68	;'D'
   110   00081B  32                 	db	50	;'2'
   111   00081C  30                 	db	48	;'0'
   112   00081D  32                 	db	50	;'2'
   113   00081E  32                 	db	50	;'2'
   114   00081F  00                 	db	0
   115   000820                     STR_3:
   116   000820  44                 	db	68	;'D'
   117   000821  65                 	db	101	;'e'
   118   000822  6E                 	db	110	;'n'
   119   000823  69                 	db	105	;'i'
   120   000824  73                 	db	115	;'s'
   121   000825  65                 	db	101	;'e'
   122   000826  20                 	db	32
   123   000827  4F                 	db	79	;'O'
   124   000828  72                 	db	114	;'r'
   125   000829  74                 	db	116	;'t'
   126   00082A  69                 	db	105	;'i'
   127   00082B  7A                 	db	122	;'z'
   128   00082C  00                 	db	0
   129   00082D                     STR_4:
   130   00082D  41                 	db	65	;'A'
   131   00082E  30                 	db	48	;'0'
   132   00082F  31                 	db	49	;'1'
   133   000830  31                 	db	49	;'1'
   134   000831  37                 	db	55	;'7'
   135   000832  37                 	db	55	;'7'
   136   000833  31                 	db	49	;'1'
   137   000834  35                 	db	53	;'5'
   138   000835  38                 	db	56	;'8'
   139   000836  00                 	db	0
   140   000837  00                 	db	0	; dummy byte at the end
   141   000000                     
   142                           ; #config settings
   143                           
   144                           	psect	cinit
   145   000A5C                     __pcinit:
   146                           	callstack 0
   147   000A5C                     start_initialization:
   148                           	callstack 0
   149   000A5C                     __initialization:
   150                           	callstack 0
   151                           
   152                           ; Initialize objects allocated to COMRAM (6 bytes)
   153                           ; load TBLPTR registers with __pidataCOMRAM
   154   000A5C  0EFC               	movlw	low __pidataCOMRAM
   155   000A5E  6EF6               	movwf	tblptrl,c
   156   000A60  0E0A               	movlw	high __pidataCOMRAM
   157   000A62  6EF7               	movwf	tblptrh,c
   158   000A64  0E00               	movlw	low (__pidataCOMRAM shr (0+16))
   159   000A66  6EF8               	movwf	tblptru,c
   160   000A68  EE00  F021         	lfsr	0,__pdataCOMRAM
   161   000A6C  EE10 F006          	lfsr	1,6
   162   000A70                     copy_data0:
   163   000A70  0009               	tblrd		*+
   164   000A72  CFF5 FFEE          	movff	tablat,postinc0
   165   000A76  50E5               	movf	postdec1,w,c
   166   000A78  50E1               	movf	fsr1l,w,c
   167   000A7A  E1FA               	bnz	copy_data0
   168                           
   169                           ; Clear objects allocated to COMRAM (20 bytes)
   170   000A7C  EE00  F001         	lfsr	0,__pbssCOMRAM
   171   000A80  0E14               	movlw	20
   172   000A82                     clear_0:
   173   000A82  6AEE               	clrf	postinc0,c
   174   000A84  06E8               	decf	wreg,f,c
   175   000A86  E1FD               	bnz	clear_0
   176   000A88                     end_of_initialization:
   177                           	callstack 0
   178   000A88                     __end_of__initialization:
   179                           	callstack 0
   180   000A88  0E00               	movlw	low (__Lsmallconst shr (0+16))
   181   000A8A  6EF8               	movwf	tblptru,c
   182   000A8C  0E08               	movlw	high __Lsmallconst
   183   000A8E  6EF7               	movwf	tblptrh,c
   184   000A90  0100               	movlb	0
   185   000A92  EF1C  F004         	goto	_main	;jump to C main() function
   186                           
   187                           	psect	bssCOMRAM
   188   000001                     __pbssCOMRAM:
   189                           	callstack 0
   190   000001                     _buffer_lcd:
   191                           	callstack 0
   192   000001                     	ds	20
   193                           
   194                           	psect	dataCOMRAM
   195   000021                     __pdataCOMRAM:
   196                           	callstack 0
   197   000021                     _decimal:
   198                           	callstack 0
   199   000021                     	ds	4
   200   000025                     _entero:
   201                           	callstack 0
   202   000025                     	ds	2
   203                           
   204                           	psect	cstackCOMRAM
   205   000015                     __pcstackCOMRAM:
   206                           	callstack 0
   207   000015                     Lcd_Port@a:
   208                           	callstack 0
   209                           
   210                           ; 1 bytes @ 0x0
   211   000015                     	ds	1
   212   000016                     ??_Lcd_Cmd:
   213   000016                     lcd_write_char@temp:
   214                           	callstack 0
   215                           
   216                           ; 1 bytes @ 0x1
   217   000016                     	ds	1
   218   000017                     Lcd_Cmd@a:
   219                           	callstack 0
   220   000017                     lcd_write_char@y:
   221                           	callstack 0
   222                           
   223                           ; 1 bytes @ 0x2
   224   000017                     	ds	1
   225   000018                     ??_lcd_init:
   226   000018                     lcd_gotoxy@b:
   227                           	callstack 0
   228   000018                     lcd_write_char@a:
   229                           	callstack 0
   230                           
   231                           ; 1 bytes @ 0x3
   232   000018                     	ds	1
   233   000019                     lcd_gotoxy@a:
   234                           	callstack 0
   235   000019                     lcd_putc@a:
   236                           	callstack 0
   237                           
   238                           ; 2 bytes @ 0x4
   239   000019                     	ds	1
   240   00001A                     lcd_gotoxy@z:
   241                           	callstack 0
   242                           
   243                           ; 1 bytes @ 0x5
   244   00001A                     	ds	1
   245   00001B                     ??_lcd_putc:
   246   00001B                     lcd_gotoxy@y:
   247                           	callstack 0
   248                           
   249                           ; 1 bytes @ 0x6
   250   00001B                     	ds	1
   251   00001C                     lcd_gotoxy@temp:
   252                           	callstack 0
   253                           
   254                           ; 1 bytes @ 0x7
   255   00001C                     	ds	1
   256   00001D                     lcd_putc@i:
   257                           	callstack 0
   258                           
   259                           ; 2 bytes @ 0x8
   260   00001D                     	ds	2
   261   00001F                     ??_main:
   262                           
   263                           ; 1 bytes @ 0xA
   264   00001F                     	ds	2
   265                           
   266 ;;
   267 ;;Main: autosize = 0, tempsize = 2, incstack = 0, save=0
   268 ;;
   269 ;; *************** function _main *****************
   270 ;; Defined at:
   271 ;;		line 88 in file "LCD.c"
   272 ;; Parameters:    Size  Location     Type
   273 ;;		None
   274 ;; Auto vars:     Size  Location     Type
   275 ;;  contador        1    0        unsigned char 
   276 ;; Return value:  Size  Location     Type
   277 ;;                  1    wreg      void 
   278 ;; Registers used:
   279 ;;		wreg, status,2, status,0, tblptrl, tblptrh, tblptru, cstack
   280 ;; Tracked objects:
   281 ;;		On entry : 0/0
   282 ;;		On exit  : 0/0
   283 ;;		Unchanged: 0/0
   284 ;; Data sizes:     COMRAM   BANK0   BANK1   BANK2   BANK3   BANK4   BANK5   BANK6   BANK7
   285 ;;      Params:         0       0       0       0       0       0       0       0       0
   286 ;;      Locals:         0       0       0       0       0       0       0       0       0
   287 ;;      Temps:          2       0       0       0       0       0       0       0       0
   288 ;;      Totals:         2       0       0       0       0       0       0       0       0
   289 ;;Total ram usage:        2 bytes
   290 ;; Hardware stack levels required when called: 3
   291 ;; This function calls:
   292 ;;		_lcd_clear
   293 ;;		_lcd_gotoxy
   294 ;;		_lcd_init
   295 ;;		_lcd_putc
   296 ;; This function is called by:
   297 ;;		Startup code after reset
   298 ;; This function uses a non-reentrant model
   299 ;;
   300                           
   301                           	psect	text0
   302   000838                     __ptext0:
   303                           	callstack 0
   304   000838                     _main:
   305                           	callstack 28
   306   000838                     
   307                           ;LCD.c: 90:     unsigned char contador;;LCD.c: 91:     TRISD=0x00;
   308   000838  0E00               	movlw	0
   309   00083A  6E95               	movwf	149,c	;volatile
   310   00083C                     
   311                           ;LCD.c: 92:     lcd_init();
   312   00083C  EC6A  F004         	call	_lcd_init	;wreg free
   313   000840                     l907:
   314                           
   315                           ;LCD.c: 94:     {;LCD.c: 95:         lcd_clear();
   316   000840  EC77  F005         	call	_lcd_clear	;wreg free
   317   000844                     
   318                           ;LCD.c: 96:         lcd_gotoxy(1,1);
   319   000844  0E01               	movlw	1
   320   000846  6E18               	movwf	lcd_gotoxy@b^0,c
   321   000848  0E01               	movlw	1
   322   00084A  ECA2  F004         	call	_lcd_gotoxy
   323   00084E                     
   324                           ;LCD.c: 97:         lcd_putc("TE2015 - Lab de");
   325   00084E  0E01               	movlw	low STR_1
   326   000850  6E19               	movwf	lcd_putc@a^0,c
   327   000852  0E08               	movlw	high STR_1
   328   000854  6E1A               	movwf	(lcd_putc@a+1)^0,c
   329   000856  EC03  F005         	call	_lcd_putc	;wreg free
   330   00085A                     
   331                           ;LCD.c: 98:         lcd_gotoxy(2,1);
   332   00085A  0E01               	movlw	1
   333   00085C  6E18               	movwf	lcd_gotoxy@b^0,c
   334   00085E  0E02               	movlw	2
   335   000860  ECA2  F004         	call	_lcd_gotoxy
   336   000864                     
   337                           ;LCD.c: 99:         lcd_putc("Micros, AD2022");
   338   000864  0E11               	movlw	low STR_2
   339   000866  6E19               	movwf	lcd_putc@a^0,c
   340   000868  0E08               	movlw	high STR_2
   341   00086A  6E1A               	movwf	(lcd_putc@a+1)^0,c
   342   00086C  EC03  F005         	call	_lcd_putc	;wreg free
   343   000870                     
   344                           ;LCD.c: 100:         _delay((unsigned long)((1000)*(8000000/4000.0)));
   345   000870  0E0B               	movlw	11
   346   000872  6E20               	movwf	(??_main+1)^0,c
   347   000874  0E26               	movlw	38
   348   000876  6E1F               	movwf	??_main^0,c
   349   000878  0E5E               	movlw	94
   350   00087A                     u117:
   351   00087A  2EE8               	decfsz	wreg,f,c
   352   00087C  D7FE               	bra	u117
   353   00087E  2E1F               	decfsz	??_main^0,f,c
   354   000880  D7FC               	bra	u117
   355   000882  2E20               	decfsz	(??_main+1)^0,f,c
   356   000884  D7FA               	bra	u117
   357   000886                     
   358                           ;LCD.c: 101:         lcd_clear();
   359   000886  EC77  F005         	call	_lcd_clear	;wreg free
   360   00088A                     
   361                           ;LCD.c: 102:         lcd_gotoxy(1,1);
   362   00088A  0E01               	movlw	1
   363   00088C  6E18               	movwf	lcd_gotoxy@b^0,c
   364   00088E  0E01               	movlw	1
   365   000890  ECA2  F004         	call	_lcd_gotoxy
   366   000894                     
   367                           ;LCD.c: 103:         lcd_putc("Denise Ortiz");
   368   000894  0E20               	movlw	low STR_3
   369   000896  6E19               	movwf	lcd_putc@a^0,c
   370   000898  0E08               	movlw	high STR_3
   371   00089A  6E1A               	movwf	(lcd_putc@a+1)^0,c
   372   00089C  EC03  F005         	call	_lcd_putc	;wreg free
   373   0008A0                     
   374                           ;LCD.c: 104:         lcd_gotoxy(2,1);
   375   0008A0  0E01               	movlw	1
   376   0008A2  6E18               	movwf	lcd_gotoxy@b^0,c
   377   0008A4  0E02               	movlw	2
   378   0008A6  ECA2  F004         	call	_lcd_gotoxy
   379   0008AA                     
   380                           ;LCD.c: 105:         lcd_putc("A01177158");
   381   0008AA  0E2D               	movlw	low STR_4
   382   0008AC  6E19               	movwf	lcd_putc@a^0,c
   383   0008AE  0E08               	movlw	high STR_4
   384   0008B0  6E1A               	movwf	(lcd_putc@a+1)^0,c
   385   0008B2  EC03  F005         	call	_lcd_putc	;wreg free
   386   0008B6                     
   387                           ;LCD.c: 106:         _delay((unsigned long)((1000)*(8000000/4000.0)));
   388   0008B6  0E0B               	movlw	11
   389   0008B8  6E20               	movwf	(??_main+1)^0,c
   390   0008BA  0E26               	movlw	38
   391   0008BC  6E1F               	movwf	??_main^0,c
   392   0008BE  0E5E               	movlw	94
   393   0008C0                     u127:
   394   0008C0  2EE8               	decfsz	wreg,f,c
   395   0008C2  D7FE               	bra	u127
   396   0008C4  2E1F               	decfsz	??_main^0,f,c
   397   0008C6  D7FC               	bra	u127
   398   0008C8  2E20               	decfsz	(??_main+1)^0,f,c
   399   0008CA  D7FA               	bra	u127
   400   0008CC  EF20  F004         	goto	l907
   401   0008D0  EF00  F000         	goto	start
   402   0008D4                     __end_of_main:
   403                           	callstack 0
   404                           
   405 ;; *************** function _lcd_putc *****************
   406 ;; Defined at:
   407 ;;		line 116 in file "./lcd.h"
   408 ;; Parameters:    Size  Location     Type
   409 ;;  a               2    4[COMRAM] PTR unsigned char 
   410 ;;		 -> STR_4(10), STR_3(13), STR_2(15), STR_1(16), 
   411 ;; Auto vars:     Size  Location     Type
   412 ;;  i               2    8[COMRAM] int 
   413 ;; Return value:  Size  Location     Type
   414 ;;                  1    wreg      void 
   415 ;; Registers used:
   416 ;;		wreg, status,2, status,0, tblptrl, tblptrh, tblptru, cstack
   417 ;; Tracked objects:
   418 ;;		On entry : 0/0
   419 ;;		On exit  : 0/0
   420 ;;		Unchanged: 0/0
   421 ;; Data sizes:     COMRAM   BANK0   BANK1   BANK2   BANK3   BANK4   BANK5   BANK6   BANK7
   422 ;;      Params:         2       0       0       0       0       0       0       0       0
   423 ;;      Locals:         2       0       0       0       0       0       0       0       0
   424 ;;      Temps:          2       0       0       0       0       0       0       0       0
   425 ;;      Totals:         6       0       0       0       0       0       0       0       0
   426 ;;Total ram usage:        6 bytes
   427 ;; Hardware stack levels used: 1
   428 ;; Hardware stack levels required when called: 2
   429 ;; This function calls:
   430 ;;		_lcd_write_char
   431 ;; This function is called by:
   432 ;;		_main
   433 ;; This function uses a non-reentrant model
   434 ;;
   435                           
   436                           	psect	text1
   437   000A06                     __ptext1:
   438                           	callstack 0
   439   000A06                     _lcd_putc:
   440                           	callstack 28
   441   000A06                     
   442                           ;./lcd.h: 116: void lcd_putc(char *a);./lcd.h: 117: {;./lcd.h: 118:    int i;;./lcd.h: 1
      +                          19:    for(i=0;a[i]!='\0';i++)
   443   000A06  0E00               	movlw	0
   444   000A08  6E1E               	movwf	(lcd_putc@i+1)^0,c
   445   000A0A  0E00               	movlw	0
   446   000A0C  6E1D               	movwf	lcd_putc@i^0,c
   447   000A0E  EF19  F005         	goto	l901
   448   000A12                     l897:
   449                           
   450                           ;./lcd.h: 120:       lcd_write_char(a[i]);
   451   000A12  501D               	movf	lcd_putc@i^0,w,c
   452   000A14  2419               	addwf	lcd_putc@a^0,w,c
   453   000A16  6E1B               	movwf	??_lcd_putc^0,c
   454   000A18  501E               	movf	(lcd_putc@i+1)^0,w,c
   455   000A1A  201A               	addwfc	(lcd_putc@a+1)^0,w,c
   456   000A1C  6E1C               	movwf	(??_lcd_putc+1)^0,c
   457   000A1E  C01B  FFF6         	movff	??_lcd_putc,tblptrl
   458   000A22  C01C  FFF7         	movff	??_lcd_putc+1,tblptrh
   459   000A26                     	if	0	;tblptru may be non-zero
   460   000A26                     	endif
   461   000A26                     	if	0	;tblptru may be non-zero
   462   000A26                     	endif
   463   000A26  0008               	tblrd		*
   464   000A28  50F5               	movf	tablat,w,c
   465   000A2A  EC4B  F005         	call	_lcd_write_char
   466   000A2E  4A1D               	infsnz	lcd_putc@i^0,f,c
   467   000A30  2A1E               	incf	(lcd_putc@i+1)^0,f,c
   468   000A32                     l901:
   469   000A32  501D               	movf	lcd_putc@i^0,w,c
   470   000A34  2419               	addwf	lcd_putc@a^0,w,c
   471   000A36  6E1B               	movwf	??_lcd_putc^0,c
   472   000A38  501E               	movf	(lcd_putc@i+1)^0,w,c
   473   000A3A  201A               	addwfc	(lcd_putc@a+1)^0,w,c
   474   000A3C  6E1C               	movwf	(??_lcd_putc+1)^0,c
   475   000A3E  C01B  FFF6         	movff	??_lcd_putc,tblptrl
   476   000A42  C01C  FFF7         	movff	??_lcd_putc+1,tblptrh
   477   000A46                     	if	0	;tblptru may be non-zero
   478   000A46                     	endif
   479   000A46                     	if	0	;tblptru may be non-zero
   480   000A46                     	endif
   481   000A46  0008               	tblrd		*
   482   000A48  50F5               	movf	tablat,w,c
   483   000A4A  0900               	iorlw	0
   484   000A4C  A4D8               	btfss	status,2,c
   485   000A4E  EF2B  F005         	goto	u101
   486   000A52  EF2D  F005         	goto	u100
   487   000A56                     u101:
   488   000A56  EF09  F005         	goto	l897
   489   000A5A                     u100:
   490   000A5A  0012               	return		;funcret
   491   000A5C                     __end_of_lcd_putc:
   492                           	callstack 0
   493                           
   494 ;; *************** function _lcd_write_char *****************
   495 ;; Defined at:
   496 ;;		line 100 in file "./lcd.h"
   497 ;; Parameters:    Size  Location     Type
   498 ;;  a               1    wreg     unsigned char 
   499 ;; Auto vars:     Size  Location     Type
   500 ;;  a               1    3[COMRAM] unsigned char 
   501 ;;  y               1    2[COMRAM] unsigned char 
   502 ;;  temp            1    1[COMRAM] unsigned char 
   503 ;; Return value:  Size  Location     Type
   504 ;;                  1    wreg      void 
   505 ;; Registers used:
   506 ;;		wreg, status,2, status,0, cstack
   507 ;; Tracked objects:
   508 ;;		On entry : 0/0
   509 ;;		On exit  : 0/0
   510 ;;		Unchanged: 0/0
   511 ;; Data sizes:     COMRAM   BANK0   BANK1   BANK2   BANK3   BANK4   BANK5   BANK6   BANK7
   512 ;;      Params:         0       0       0       0       0       0       0       0       0
   513 ;;      Locals:         3       0       0       0       0       0       0       0       0
   514 ;;      Temps:          0       0       0       0       0       0       0       0       0
   515 ;;      Totals:         3       0       0       0       0       0       0       0       0
   516 ;;Total ram usage:        3 bytes
   517 ;; Hardware stack levels used: 1
   518 ;; Hardware stack levels required when called: 1
   519 ;; This function calls:
   520 ;;		_Lcd_Port
   521 ;; This function is called by:
   522 ;;		_lcd_putc
   523 ;; This function uses a non-reentrant model
   524 ;;
   525                           
   526                           	psect	text2
   527   000A96                     __ptext2:
   528                           	callstack 0
   529   000A96                     _lcd_write_char:
   530                           	callstack 28
   531                           
   532                           ;incstack = 0
   533                           ;lcd_write_char@a stored from wreg
   534   000A96  6E18               	movwf	lcd_write_char@a^0,c
   535   000A98                     
   536                           ;./lcd.h: 100: void lcd_write_char(char a);./lcd.h: 101: {;./lcd.h: 102:    char temp,y;
      +                          ;./lcd.h: 103:    temp = a&0x0F;
   537   000A98  5018               	movf	lcd_write_char@a^0,w,c
   538   000A9A  0B0F               	andlw	15
   539   000A9C  6E16               	movwf	lcd_write_char@temp^0,c
   540                           
   541                           ;./lcd.h: 104:    y = a&0xF0;
   542   000A9E  5018               	movf	lcd_write_char@a^0,w,c
   543   000AA0  0BF0               	andlw	240
   544   000AA2  6E17               	movwf	lcd_write_char@y^0,c
   545   000AA4                     
   546                           ;./lcd.h: 105:    RD2 = 1;
   547   000AA4  8483               	bsf	3971,2,c	;volatile
   548   000AA6                     
   549                           ;./lcd.h: 106:    Lcd_Port(y>>4);
   550   000AA6  3817               	swapf	lcd_write_char@y^0,w,c
   551   000AA8  0B0F               	andlw	15
   552   000AAA  ECD5  F004         	call	_Lcd_Port
   553   000AAE                     
   554                           ;./lcd.h: 107:    RD3 = 1;
   555   000AAE  8683               	bsf	3971,3,c	;volatile
   556   000AB0                     
   557                           ;./lcd.h: 108:    _delay((unsigned long)((40)*(8000000/4000000.0)));
   558   000AB0  0E1A               	movlw	26
   559   000AB2                     u137:
   560   000AB2  2EE8               	decfsz	wreg,f,c
   561   000AB4  D7FE               	bra	u137
   562   000AB6  D000               	nop2	
   563   000AB8                     
   564                           ;./lcd.h: 109:    RD3 = 0;
   565   000AB8  9683               	bcf	3971,3,c	;volatile
   566   000ABA                     
   567                           ;./lcd.h: 110:    Lcd_Port(temp);
   568   000ABA  5016               	movf	lcd_write_char@temp^0,w,c
   569   000ABC  ECD5  F004         	call	_Lcd_Port
   570   000AC0                     
   571                           ;./lcd.h: 111:    RD3 = 1;
   572   000AC0  8683               	bsf	3971,3,c	;volatile
   573   000AC2                     
   574                           ;./lcd.h: 112:    _delay((unsigned long)((40)*(8000000/4000000.0)));
   575   000AC2  0E1A               	movlw	26
   576   000AC4                     u147:
   577   000AC4  2EE8               	decfsz	wreg,f,c
   578   000AC6  D7FE               	bra	u147
   579   000AC8  D000               	nop2	
   580   000ACA                     
   581                           ;./lcd.h: 113:    RD3 = 0;
   582   000ACA  9683               	bcf	3971,3,c	;volatile
   583   000ACC  0012               	return		;funcret
   584   000ACE                     __end_of_lcd_write_char:
   585                           	callstack 0
   586                           
   587 ;; *************** function _lcd_init *****************
   588 ;; Defined at:
   589 ;;		line 81 in file "./lcd.h"
   590 ;; Parameters:    Size  Location     Type
   591 ;;		None
   592 ;; Auto vars:     Size  Location     Type
   593 ;;		None
   594 ;; Return value:  Size  Location     Type
   595 ;;                  1    wreg      void 
   596 ;; Registers used:
   597 ;;		wreg, status,2, cstack
   598 ;; Tracked objects:
   599 ;;		On entry : 0/0
   600 ;;		On exit  : 0/0
   601 ;;		Unchanged: 0/0
   602 ;; Data sizes:     COMRAM   BANK0   BANK1   BANK2   BANK3   BANK4   BANK5   BANK6   BANK7
   603 ;;      Params:         0       0       0       0       0       0       0       0       0
   604 ;;      Locals:         0       0       0       0       0       0       0       0       0
   605 ;;      Temps:          1       0       0       0       0       0       0       0       0
   606 ;;      Totals:         1       0       0       0       0       0       0       0       0
   607 ;;Total ram usage:        1 bytes
   608 ;; Hardware stack levels used: 1
   609 ;; Hardware stack levels required when called: 2
   610 ;; This function calls:
   611 ;;		_Lcd_Cmd
   612 ;;		_Lcd_Port
   613 ;; This function is called by:
   614 ;;		_main
   615 ;; This function uses a non-reentrant model
   616 ;;
   617                           
   618                           	psect	text3
   619   0008D4                     __ptext3:
   620                           	callstack 0
   621   0008D4                     _lcd_init:
   622                           	callstack 28
   623   0008D4                     
   624                           ;./lcd.h: 83:   Lcd_Port(0x00);
   625   0008D4  0E00               	movlw	0
   626   0008D6  ECD5  F004         	call	_Lcd_Port
   627   0008DA                     
   628                           ;./lcd.h: 84:    _delay((unsigned long)((20)*(8000000/4000.0)));
   629   0008DA  0E34               	movlw	52
   630   0008DC  6E18               	movwf	??_lcd_init^0,c
   631   0008DE  0EF2               	movlw	242
   632   0008E0                     u157:
   633   0008E0  2EE8               	decfsz	wreg,f,c
   634   0008E2  D7FE               	bra	u157
   635   0008E4  2E18               	decfsz	??_lcd_init^0,f,c
   636   0008E6  D7FC               	bra	u157
   637   0008E8                     
   638                           ;./lcd.h: 85:   Lcd_Cmd(0x03);
   639   0008E8  0E03               	movlw	3
   640   0008EA  EC67  F005         	call	_Lcd_Cmd
   641   0008EE                     
   642                           ;./lcd.h: 86:    _delay((unsigned long)((5)*(8000000/4000.0)));
   643   0008EE  0E0D               	movlw	13
   644   0008F0  6E18               	movwf	??_lcd_init^0,c
   645   0008F2  0EFC               	movlw	252
   646   0008F4                     u167:
   647   0008F4  2EE8               	decfsz	wreg,f,c
   648   0008F6  D7FE               	bra	u167
   649   0008F8  2E18               	decfsz	??_lcd_init^0,f,c
   650   0008FA  D7FC               	bra	u167
   651   0008FC                     
   652                           ;./lcd.h: 87:   Lcd_Cmd(0x03);
   653   0008FC  0E03               	movlw	3
   654   0008FE  EC67  F005         	call	_Lcd_Cmd
   655   000902                     
   656                           ;./lcd.h: 88:    _delay((unsigned long)((11)*(8000000/4000.0)));
   657   000902  0E1D               	movlw	29
   658   000904  6E18               	movwf	??_lcd_init^0,c
   659   000906  0E91               	movlw	145
   660   000908                     u177:
   661   000908  2EE8               	decfsz	wreg,f,c
   662   00090A  D7FE               	bra	u177
   663   00090C  2E18               	decfsz	??_lcd_init^0,f,c
   664   00090E  D7FC               	bra	u177
   665   000910  F000               	nop	
   666   000912                     
   667                           ;./lcd.h: 89:   Lcd_Cmd(0x03);
   668   000912  0E03               	movlw	3
   669   000914  EC67  F005         	call	_Lcd_Cmd
   670   000918                     
   671                           ;./lcd.h: 91:   Lcd_Cmd(0x02);
   672   000918  0E02               	movlw	2
   673   00091A  EC67  F005         	call	_Lcd_Cmd
   674   00091E                     
   675                           ;./lcd.h: 92:   Lcd_Cmd(0x02);
   676   00091E  0E02               	movlw	2
   677   000920  EC67  F005         	call	_Lcd_Cmd
   678   000924                     
   679                           ;./lcd.h: 93:   Lcd_Cmd(0x08);
   680   000924  0E08               	movlw	8
   681   000926  EC67  F005         	call	_Lcd_Cmd
   682   00092A                     
   683                           ;./lcd.h: 94:   Lcd_Cmd(0x00);
   684   00092A  0E00               	movlw	0
   685   00092C  EC67  F005         	call	_Lcd_Cmd
   686   000930                     
   687                           ;./lcd.h: 95:   Lcd_Cmd(0x0C);
   688   000930  0E0C               	movlw	12
   689   000932  EC67  F005         	call	_Lcd_Cmd
   690   000936                     
   691                           ;./lcd.h: 96:   Lcd_Cmd(0x00);
   692   000936  0E00               	movlw	0
   693   000938  EC67  F005         	call	_Lcd_Cmd
   694   00093C                     
   695                           ;./lcd.h: 97:   Lcd_Cmd(0x06);
   696   00093C  0E06               	movlw	6
   697   00093E  EC67  F005         	call	_Lcd_Cmd
   698   000942  0012               	return		;funcret
   699   000944                     __end_of_lcd_init:
   700                           	callstack 0
   701                           
   702 ;; *************** function _lcd_gotoxy *****************
   703 ;; Defined at:
   704 ;;		line 60 in file "./lcd.h"
   705 ;; Parameters:    Size  Location     Type
   706 ;;  a               1    wreg     unsigned char 
   707 ;;  b               1    3[COMRAM] unsigned char 
   708 ;; Auto vars:     Size  Location     Type
   709 ;;  a               1    4[COMRAM] unsigned char 
   710 ;;  temp            1    7[COMRAM] unsigned char 
   711 ;;  y               1    6[COMRAM] unsigned char 
   712 ;;  z               1    5[COMRAM] unsigned char 
   713 ;; Return value:  Size  Location     Type
   714 ;;                  1    wreg      void 
   715 ;; Registers used:
   716 ;;		wreg, status,2, status,0, cstack
   717 ;; Tracked objects:
   718 ;;		On entry : 0/0
   719 ;;		On exit  : 0/0
   720 ;;		Unchanged: 0/0
   721 ;; Data sizes:     COMRAM   BANK0   BANK1   BANK2   BANK3   BANK4   BANK5   BANK6   BANK7
   722 ;;      Params:         1       0       0       0       0       0       0       0       0
   723 ;;      Locals:         4       0       0       0       0       0       0       0       0
   724 ;;      Temps:          0       0       0       0       0       0       0       0       0
   725 ;;      Totals:         5       0       0       0       0       0       0       0       0
   726 ;;Total ram usage:        5 bytes
   727 ;; Hardware stack levels used: 1
   728 ;; Hardware stack levels required when called: 2
   729 ;; This function calls:
   730 ;;		_Lcd_Cmd
   731 ;; This function is called by:
   732 ;;		_main
   733 ;; This function uses a non-reentrant model
   734 ;;
   735                           
   736                           	psect	text4
   737   000944                     __ptext4:
   738                           	callstack 0
   739   000944                     _lcd_gotoxy:
   740                           	callstack 28
   741                           
   742                           ;incstack = 0
   743                           ;lcd_gotoxy@a stored from wreg
   744   000944  6E19               	movwf	lcd_gotoxy@a^0,c
   745   000946                     
   746                           ;./lcd.h: 60: void lcd_gotoxy(char a, char b);./lcd.h: 61: {;./lcd.h: 62:    char temp,z
      +                          ,y;;./lcd.h: 63:    if(a == 1)
   747   000946  0419               	decf	lcd_gotoxy@a^0,w,c
   748   000948  A4D8               	btfss	status,2,c
   749   00094A  EFA9  F004         	goto	u81
   750   00094E  EFAB  F004         	goto	u80
   751   000952                     u81:
   752   000952  EFBC  F004         	goto	l887
   753   000956                     u80:
   754   000956                     
   755                           ;./lcd.h: 64:    {;./lcd.h: 65:      temp = 0x80 + b - 1;
   756   000956  5018               	movf	lcd_gotoxy@b^0,w,c
   757   000958  0F7F               	addlw	127
   758   00095A  6E1C               	movwf	lcd_gotoxy@temp^0,c
   759                           
   760                           ;./lcd.h: 66:       z = temp>>4;
   761   00095C  381C               	swapf	lcd_gotoxy@temp^0,w,c
   762   00095E  0B0F               	andlw	15
   763   000960  6E1A               	movwf	lcd_gotoxy@z^0,c
   764                           
   765                           ;./lcd.h: 67:       y = temp & 0x0F;
   766   000962  501C               	movf	lcd_gotoxy@temp^0,w,c
   767   000964  0B0F               	andlw	15
   768   000966  6E1B               	movwf	lcd_gotoxy@y^0,c
   769   000968                     
   770                           ;./lcd.h: 68:       Lcd_Cmd(z);
   771   000968  501A               	movf	lcd_gotoxy@z^0,w,c
   772   00096A  EC67  F005         	call	_Lcd_Cmd
   773   00096E                     
   774                           ;./lcd.h: 69:       Lcd_Cmd(y);
   775   00096E  501B               	movf	lcd_gotoxy@y^0,w,c
   776   000970  EC67  F005         	call	_Lcd_Cmd
   777                           
   778                           ;./lcd.h: 70:    }
   779   000974  EFD4  F004         	goto	l39
   780   000978                     l887:
   781   000978  0E02               	movlw	2
   782   00097A  1819               	xorwf	lcd_gotoxy@a^0,w,c
   783   00097C  A4D8               	btfss	status,2,c
   784   00097E  EFC3  F004         	goto	u91
   785   000982  EFC5  F004         	goto	u90
   786   000986                     u91:
   787   000986  EFD4  F004         	goto	l39
   788   00098A                     u90:
   789   00098A                     
   790                           ;./lcd.h: 72:    {;./lcd.h: 73:       temp = 0xC0 + b - 1;
   791   00098A  5018               	movf	lcd_gotoxy@b^0,w,c
   792   00098C  0FBF               	addlw	191
   793   00098E  6E1C               	movwf	lcd_gotoxy@temp^0,c
   794                           
   795                           ;./lcd.h: 74:       z = temp>>4;
   796   000990  381C               	swapf	lcd_gotoxy@temp^0,w,c
   797   000992  0B0F               	andlw	15
   798   000994  6E1A               	movwf	lcd_gotoxy@z^0,c
   799                           
   800                           ;./lcd.h: 75:       y = temp & 0x0F;
   801   000996  501C               	movf	lcd_gotoxy@temp^0,w,c
   802   000998  0B0F               	andlw	15
   803   00099A  6E1B               	movwf	lcd_gotoxy@y^0,c
   804   00099C                     
   805                           ;./lcd.h: 76:       Lcd_Cmd(z);
   806   00099C  501A               	movf	lcd_gotoxy@z^0,w,c
   807   00099E  EC67  F005         	call	_Lcd_Cmd
   808   0009A2                     
   809                           ;./lcd.h: 77:       Lcd_Cmd(y);
   810   0009A2  501B               	movf	lcd_gotoxy@y^0,w,c
   811   0009A4  EC67  F005         	call	_Lcd_Cmd
   812   0009A8                     l39:
   813   0009A8  0012               	return		;funcret
   814   0009AA                     __end_of_lcd_gotoxy:
   815                           	callstack 0
   816                           
   817 ;; *************** function _lcd_clear *****************
   818 ;; Defined at:
   819 ;;		line 54 in file "./lcd.h"
   820 ;; Parameters:    Size  Location     Type
   821 ;;		None
   822 ;; Auto vars:     Size  Location     Type
   823 ;;		None
   824 ;; Return value:  Size  Location     Type
   825 ;;                  2   32[None  ] int 
   826 ;; Registers used:
   827 ;;		wreg, status,2, cstack
   828 ;; Tracked objects:
   829 ;;		On entry : 0/0
   830 ;;		On exit  : 0/0
   831 ;;		Unchanged: 0/0
   832 ;; Data sizes:     COMRAM   BANK0   BANK1   BANK2   BANK3   BANK4   BANK5   BANK6   BANK7
   833 ;;      Params:         0       0       0       0       0       0       0       0       0
   834 ;;      Locals:         0       0       0       0       0       0       0       0       0
   835 ;;      Temps:          0       0       0       0       0       0       0       0       0
   836 ;;      Totals:         0       0       0       0       0       0       0       0       0
   837 ;;Total ram usage:        0 bytes
   838 ;; Hardware stack levels used: 1
   839 ;; Hardware stack levels required when called: 2
   840 ;; This function calls:
   841 ;;		_Lcd_Cmd
   842 ;; This function is called by:
   843 ;;		_main
   844 ;; This function uses a non-reentrant model
   845 ;;
   846                           
   847                           	psect	text5
   848   000AEE                     __ptext5:
   849                           	callstack 0
   850   000AEE                     _lcd_clear:
   851                           	callstack 28
   852   000AEE                     
   853                           ;./lcd.h: 56:    Lcd_Cmd(0);
   854   000AEE  0E00               	movlw	0
   855   000AF0  EC67  F005         	call	_Lcd_Cmd
   856                           
   857                           ;./lcd.h: 57:    Lcd_Cmd(1);
   858   000AF4  0E01               	movlw	1
   859   000AF6  EC67  F005         	call	_Lcd_Cmd
   860   000AFA  0012               	return		;funcret
   861   000AFC                     __end_of_lcd_clear:
   862                           	callstack 0
   863                           
   864 ;; *************** function _Lcd_Cmd *****************
   865 ;; Defined at:
   866 ;;		line 45 in file "./lcd.h"
   867 ;; Parameters:    Size  Location     Type
   868 ;;  a               1    wreg     unsigned char 
   869 ;; Auto vars:     Size  Location     Type
   870 ;;  a               1    2[COMRAM] unsigned char 
   871 ;; Return value:  Size  Location     Type
   872 ;;                  1    wreg      void 
   873 ;; Registers used:
   874 ;;		wreg, status,2, cstack
   875 ;; Tracked objects:
   876 ;;		On entry : 0/0
   877 ;;		On exit  : 0/0
   878 ;;		Unchanged: 0/0
   879 ;; Data sizes:     COMRAM   BANK0   BANK1   BANK2   BANK3   BANK4   BANK5   BANK6   BANK7
   880 ;;      Params:         0       0       0       0       0       0       0       0       0
   881 ;;      Locals:         1       0       0       0       0       0       0       0       0
   882 ;;      Temps:          1       0       0       0       0       0       0       0       0
   883 ;;      Totals:         2       0       0       0       0       0       0       0       0
   884 ;;Total ram usage:        2 bytes
   885 ;; Hardware stack levels used: 1
   886 ;; Hardware stack levels required when called: 1
   887 ;; This function calls:
   888 ;;		_Lcd_Port
   889 ;; This function is called by:
   890 ;;		_lcd_clear
   891 ;;		_lcd_gotoxy
   892 ;;		_lcd_init
   893 ;;		_lcd_shift_right
   894 ;;		_lcd_shift_left
   895 ;; This function uses a non-reentrant model
   896 ;;
   897                           
   898                           	psect	text6
   899   000ACE                     __ptext6:
   900                           	callstack 0
   901   000ACE                     _Lcd_Cmd:
   902                           	callstack 28
   903                           
   904                           ;incstack = 0
   905                           ;Lcd_Cmd@a stored from wreg
   906   000ACE  6E17               	movwf	Lcd_Cmd@a^0,c
   907   000AD0                     
   908                           ;./lcd.h: 45: void Lcd_Cmd(char a);./lcd.h: 46: {;./lcd.h: 47:    RD2 = 0;
   909   000AD0  9483               	bcf	3971,2,c	;volatile
   910   000AD2                     
   911                           ;./lcd.h: 48:    Lcd_Port(a);
   912   000AD2  5017               	movf	Lcd_Cmd@a^0,w,c
   913   000AD4  ECD5  F004         	call	_Lcd_Port
   914   000AD8                     
   915                           ;./lcd.h: 49:    RD3 = 1;
   916   000AD8  8683               	bsf	3971,3,c	;volatile
   917   000ADA                     
   918                           ;./lcd.h: 50:         _delay((unsigned long)((4)*(8000000/4000.0)));
   919   000ADA  0E0B               	movlw	11
   920   000ADC  6E16               	movwf	??_Lcd_Cmd^0,c
   921   000ADE  0E62               	movlw	98
   922   000AE0                     u187:
   923   000AE0  2EE8               	decfsz	wreg,f,c
   924   000AE2  D7FE               	bra	u187
   925   000AE4  2E16               	decfsz	??_Lcd_Cmd^0,f,c
   926   000AE6  D7FC               	bra	u187
   927   000AE8  D000               	nop2	
   928   000AEA                     
   929                           ;./lcd.h: 51:         RD3 = 0;
   930   000AEA  9683               	bcf	3971,3,c	;volatile
   931   000AEC  0012               	return		;funcret
   932   000AEE                     __end_of_Lcd_Cmd:
   933                           	callstack 0
   934                           
   935 ;; *************** function _Lcd_Port *****************
   936 ;; Defined at:
   937 ;;		line 23 in file "./lcd.h"
   938 ;; Parameters:    Size  Location     Type
   939 ;;  a               1    wreg     unsigned char 
   940 ;; Auto vars:     Size  Location     Type
   941 ;;  a               1    0[COMRAM] unsigned char 
   942 ;; Return value:  Size  Location     Type
   943 ;;                  1    wreg      void 
   944 ;; Registers used:
   945 ;;		wreg
   946 ;; Tracked objects:
   947 ;;		On entry : 0/0
   948 ;;		On exit  : 0/0
   949 ;;		Unchanged: 0/0
   950 ;; Data sizes:     COMRAM   BANK0   BANK1   BANK2   BANK3   BANK4   BANK5   BANK6   BANK7
   951 ;;      Params:         0       0       0       0       0       0       0       0       0
   952 ;;      Locals:         1       0       0       0       0       0       0       0       0
   953 ;;      Temps:          0       0       0       0       0       0       0       0       0
   954 ;;      Totals:         1       0       0       0       0       0       0       0       0
   955 ;;Total ram usage:        1 bytes
   956 ;; Hardware stack levels used: 1
   957 ;; This function calls:
   958 ;;		Nothing
   959 ;; This function is called by:
   960 ;;		_Lcd_Cmd
   961 ;;		_lcd_init
   962 ;;		_lcd_write_char
   963 ;; This function uses a non-reentrant model
   964 ;;
   965                           
   966                           	psect	text7
   967   0009AA                     __ptext7:
   968                           	callstack 0
   969   0009AA                     _Lcd_Port:
   970                           	callstack 28
   971                           
   972                           ;incstack = 0
   973                           ;Lcd_Port@a stored from wreg
   974   0009AA  6E15               	movwf	Lcd_Port@a^0,c
   975   0009AC                     
   976                           ;./lcd.h: 23: void Lcd_Port(char a);./lcd.h: 24: {;./lcd.h: 25:    if(a & 1)
   977   0009AC  A015               	btfss	Lcd_Port@a^0,0,c
   978   0009AE  EFDB  F004         	goto	u11
   979   0009B2  EFDD  F004         	goto	u10
   980   0009B6                     u11:
   981   0009B6  EFE0  F004         	goto	l19
   982   0009BA                     u10:
   983   0009BA                     
   984                           ;./lcd.h: 26:       RD4 = 1;
   985   0009BA  8883               	bsf	3971,4,c	;volatile
   986   0009BC  EFE1  F004         	goto	l751
   987   0009C0                     l19:
   988                           
   989                           ;./lcd.h: 28:       RD4 = 0;
   990   0009C0  9883               	bcf	3971,4,c	;volatile
   991   0009C2                     l751:
   992                           
   993                           ;./lcd.h: 30:    if(a & 2)
   994   0009C2  A215               	btfss	Lcd_Port@a^0,1,c
   995   0009C4  EFE6  F004         	goto	u21
   996   0009C8  EFE8  F004         	goto	u20
   997   0009CC                     u21:
   998   0009CC  EFEB  F004         	goto	l21
   999   0009D0                     u20:
  1000   0009D0                     
  1001                           ;./lcd.h: 31:       RD5 = 1;
  1002   0009D0  8A83               	bsf	3971,5,c	;volatile
  1003   0009D2  EFEC  F004         	goto	l755
  1004   0009D6                     l21:
  1005                           
  1006                           ;./lcd.h: 33:       RD5 = 0;
  1007   0009D6  9A83               	bcf	3971,5,c	;volatile
  1008   0009D8                     l755:
  1009                           
  1010                           ;./lcd.h: 35:    if(a & 4)
  1011   0009D8  A415               	btfss	Lcd_Port@a^0,2,c
  1012   0009DA  EFF1  F004         	goto	u31
  1013   0009DE  EFF3  F004         	goto	u30
  1014   0009E2                     u31:
  1015   0009E2  EFF6  F004         	goto	l23
  1016   0009E6                     u30:
  1017   0009E6                     
  1018                           ;./lcd.h: 36:       RD6 = 1;
  1019   0009E6  8C83               	bsf	3971,6,c	;volatile
  1020   0009E8  EFF7  F004         	goto	l759
  1021   0009EC                     l23:
  1022                           
  1023                           ;./lcd.h: 38:       RD6 = 0;
  1024   0009EC  9C83               	bcf	3971,6,c	;volatile
  1025   0009EE                     l759:
  1026                           
  1027                           ;./lcd.h: 40:    if(a & 8)
  1028   0009EE  A615               	btfss	Lcd_Port@a^0,3,c
  1029   0009F0  EFFC  F004         	goto	u41
  1030   0009F4  EFFE  F004         	goto	u40
  1031   0009F8                     u41:
  1032   0009F8  EF01  F005         	goto	l25
  1033   0009FC                     u40:
  1034   0009FC                     
  1035                           ;./lcd.h: 41:       RD7 = 1;
  1036   0009FC  8E83               	bsf	3971,7,c	;volatile
  1037   0009FE  EF02  F005         	goto	l27
  1038   000A02                     l25:
  1039                           
  1040                           ;./lcd.h: 43:       RD7 = 0;
  1041   000A02  9E83               	bcf	3971,7,c	;volatile
  1042   000A04                     l27:
  1043   000A04  0012               	return		;funcret
  1044   000A06                     __end_of_Lcd_Port:
  1045                           	callstack 0
  1046                           
  1047                           	psect	rparam
  1048   000000                     
  1049                           	psect	idloc
  1050                           
  1051                           ;Config register IDLOC0 @ 0x200000
  1052                           ;	unspecified, using default values
  1053   200000                     	org	2097152
  1054   200000  FF                 	db	255
  1055                           
  1056                           ;Config register IDLOC1 @ 0x200001
  1057                           ;	unspecified, using default values
  1058   200001                     	org	2097153
  1059   200001  FF                 	db	255
  1060                           
  1061                           ;Config register IDLOC2 @ 0x200002
  1062                           ;	unspecified, using default values
  1063   200002                     	org	2097154
  1064   200002  FF                 	db	255
  1065                           
  1066                           ;Config register IDLOC3 @ 0x200003
  1067                           ;	unspecified, using default values
  1068   200003                     	org	2097155
  1069   200003  FF                 	db	255
  1070                           
  1071                           ;Config register IDLOC4 @ 0x200004
  1072                           ;	unspecified, using default values
  1073   200004                     	org	2097156
  1074   200004  FF                 	db	255
  1075                           
  1076                           ;Config register IDLOC5 @ 0x200005
  1077                           ;	unspecified, using default values
  1078   200005                     	org	2097157
  1079   200005  FF                 	db	255
  1080                           
  1081                           ;Config register IDLOC6 @ 0x200006
  1082                           ;	unspecified, using default values
  1083   200006                     	org	2097158
  1084   200006  FF                 	db	255
  1085                           
  1086                           ;Config register IDLOC7 @ 0x200007
  1087                           ;	unspecified, using default values
  1088   200007                     	org	2097159
  1089   200007  FF                 	db	255
  1090                           
  1091                           	psect	config
  1092                           
  1093                           ;Config register CONFIG1L @ 0x300000
  1094                           ;	PLL Prescaler Selection bits
  1095                           ;	PLLDIV = 1, No prescale (4 MHz oscillator input drives PLL directly)
  1096                           ;	System Clock Postscaler Selection bits
  1097                           ;	CPUDIV = OSC1_PLL2, [Primary Oscillator Src: /1][96 MHz PLL Src: /2]
  1098                           ;	USB Clock Selection bit (used in Full-Speed USB mode only; UCFG:FSEN = 1)
  1099                           ;	USBDIV = 1, USB clock source comes directly from the primary oscillator block with no 
      +                          postscale
  1100   300000                     	org	3145728
  1101   300000  00                 	db	0
  1102                           
  1103                           ;Config register CONFIG1H @ 0x300001
  1104                           ;	Oscillator Selection bits
  1105                           ;	FOSC = HS, HS oscillator (HS)
  1106                           ;	Fail-Safe Clock Monitor Enable bit
  1107                           ;	FCMEN = OFF, Fail-Safe Clock Monitor disabled
  1108                           ;	Internal/External Oscillator Switchover bit
  1109                           ;	IESO = OFF, Oscillator Switchover mode disabled
  1110   300001                     	org	3145729
  1111   300001  0C                 	db	12
  1112                           
  1113                           ;Config register CONFIG2L @ 0x300002
  1114                           ;	Power-up Timer Enable bit
  1115                           ;	PWRT = ON, PWRT enabled
  1116                           ;	Brown-out Reset Enable bits
  1117                           ;	BOR = ON, Brown-out Reset enabled in hardware only (SBOREN is disabled)
  1118                           ;	Brown-out Reset Voltage bits
  1119                           ;	BORV = 3, Minimum setting 2.05V
  1120                           ;	USB Voltage Regulator Enable bit
  1121                           ;	VREGEN = OFF, USB voltage regulator disabled
  1122   300002                     	org	3145730
  1123   300002  1E                 	db	30
  1124                           
  1125                           ;Config register CONFIG2H @ 0x300003
  1126                           ;	Watchdog Timer Enable bit
  1127                           ;	WDT = OFF, WDT disabled (control is placed on the SWDTEN bit)
  1128                           ;	Watchdog Timer Postscale Select bits
  1129                           ;	WDTPS = 32768, 1:32768
  1130   300003                     	org	3145731
  1131   300003  1E                 	db	30
  1132                           
  1133                           ; Padding undefined space
  1134   300004                     	org	3145732
  1135   300004  FF                 	db	255
  1136                           
  1137                           ;Config register CONFIG3H @ 0x300005
  1138                           ;	CCP2 MUX bit
  1139                           ;	CCP2MX = ON, CCP2 input/output is multiplexed with RC1
  1140                           ;	PORTB A/D Enable bit
  1141                           ;	PBADEN = ON, PORTB<4:0> pins are configured as analog input channels on Reset
  1142                           ;	Low-Power Timer 1 Oscillator Enable bit
  1143                           ;	LPT1OSC = OFF, Timer1 configured for higher power operation
  1144                           ;	MCLR Pin Enable bit
  1145                           ;	MCLRE = ON, MCLR pin enabled; RE3 input pin disabled
  1146   300005                     	org	3145733
  1147   300005  83                 	db	131
  1148                           
  1149                           ;Config register CONFIG4L @ 0x300006
  1150                           ;	Stack Full/Underflow Reset Enable bit
  1151                           ;	STVREN = ON, Stack full/underflow will cause Reset
  1152                           ;	Single-Supply ICSP Enable bit
  1153                           ;	LVP = OFF, Single-Supply ICSP disabled
  1154                           ;	Dedicated In-Circuit Debug/Programming Port (ICPORT) Enable bit
  1155                           ;	ICPRT = OFF, ICPORT disabled
  1156                           ;	Extended Instruction Set Enable bit
  1157                           ;	XINST = OFF, Instruction set extension and Indexed Addressing mode disabled (Legacy mo
      +                          de)
  1158                           ;	Background Debugger Enable bit
  1159                           ;	DEBUG = 0x1, unprogrammed default
  1160   300006                     	org	3145734
  1161   300006  81                 	db	129
  1162                           
  1163                           ; Padding undefined space
  1164   300007                     	org	3145735
  1165   300007  FF                 	db	255
  1166                           
  1167                           ;Config register CONFIG5L @ 0x300008
  1168                           ;	Code Protection bit
  1169                           ;	CP0 = OFF, Block 0 (000800-001FFFh) is not code-protected
  1170                           ;	Code Protection bit
  1171                           ;	CP1 = OFF, Block 1 (002000-003FFFh) is not code-protected
  1172                           ;	Code Protection bit
  1173                           ;	CP2 = OFF, Block 2 (004000-005FFFh) is not code-protected
  1174                           ;	Code Protection bit
  1175                           ;	CP3 = OFF, Block 3 (006000-007FFFh) is not code-protected
  1176   300008                     	org	3145736
  1177   300008  0F                 	db	15
  1178                           
  1179                           ;Config register CONFIG5H @ 0x300009
  1180                           ;	Boot Block Code Protection bit
  1181                           ;	CPB = OFF, Boot block (000000-0007FFh) is not code-protected
  1182                           ;	Data EEPROM Code Protection bit
  1183                           ;	CPD = OFF, Data EEPROM is not code-protected
  1184   300009                     	org	3145737
  1185   300009  C0                 	db	192
  1186                           
  1187                           ;Config register CONFIG6L @ 0x30000A
  1188                           ;	Write Protection bit
  1189                           ;	WRT0 = OFF, Block 0 (000800-001FFFh) is not write-protected
  1190                           ;	Write Protection bit
  1191                           ;	WRT1 = OFF, Block 1 (002000-003FFFh) is not write-protected
  1192                           ;	Write Protection bit
  1193                           ;	WRT2 = OFF, Block 2 (004000-005FFFh) is not write-protected
  1194                           ;	Write Protection bit
  1195                           ;	WRT3 = OFF, Block 3 (006000-007FFFh) is not write-protected
  1196   30000A                     	org	3145738
  1197   30000A  0F                 	db	15
  1198                           
  1199                           ;Config register CONFIG6H @ 0x30000B
  1200                           ;	Configuration Register Write Protection bit
  1201                           ;	WRTC = OFF, Configuration registers (300000-3000FFh) are not write-protected
  1202                           ;	Boot Block Write Protection bit
  1203                           ;	WRTB = OFF, Boot block (000000-0007FFh) is not write-protected
  1204                           ;	Data EEPROM Write Protection bit
  1205                           ;	WRTD = OFF, Data EEPROM is not write-protected
  1206   30000B                     	org	3145739
  1207   30000B  E0                 	db	224
  1208                           
  1209                           ;Config register CONFIG7L @ 0x30000C
  1210                           ;	Table Read Protection bit
  1211                           ;	EBTR0 = OFF, Block 0 (000800-001FFFh) is not protected from table reads executed in ot
      +                          her blocks
  1212                           ;	Table Read Protection bit
  1213                           ;	EBTR1 = OFF, Block 1 (002000-003FFFh) is not protected from table reads executed in ot
      +                          her blocks
  1214                           ;	Table Read Protection bit
  1215                           ;	EBTR2 = OFF, Block 2 (004000-005FFFh) is not protected from table reads executed in ot
      +                          her blocks
  1216                           ;	Table Read Protection bit
  1217                           ;	EBTR3 = OFF, Block 3 (006000-007FFFh) is not protected from table reads executed in ot
      +                          her blocks
  1218   30000C                     	org	3145740
  1219   30000C  0F                 	db	15
  1220                           
  1221                           ;Config register CONFIG7H @ 0x30000D
  1222                           ;	Boot Block Table Read Protection bit
  1223                           ;	EBTRB = OFF, Boot block (000000-0007FFh) is not protected from table reads executed in
      +                           other blocks
  1224   30000D                     	org	3145741
  1225   30000D  40                 	db	64
  1226                           tosu	equ	0xFFF
  1227                           tosh	equ	0xFFE
  1228                           tosl	equ	0xFFD
  1229                           stkptr	equ	0xFFC
  1230                           pclatu	equ	0xFFB
  1231                           pclath	equ	0xFFA
  1232                           pcl	equ	0xFF9
  1233                           tblptru	equ	0xFF8
  1234                           tblptrh	equ	0xFF7
  1235                           tblptrl	equ	0xFF6
  1236                           tablat	equ	0xFF5
  1237                           prodh	equ	0xFF4
  1238                           prodl	equ	0xFF3
  1239                           indf0	equ	0xFEF
  1240                           postinc0	equ	0xFEE
  1241                           postdec0	equ	0xFED
  1242                           preinc0	equ	0xFEC
  1243                           plusw0	equ	0xFEB
  1244                           fsr0h	equ	0xFEA
  1245                           fsr0l	equ	0xFE9
  1246                           wreg	equ	0xFE8
  1247                           indf1	equ	0xFE7
  1248                           postinc1	equ	0xFE6
  1249                           postdec1	equ	0xFE5
  1250                           preinc1	equ	0xFE4
  1251                           plusw1	equ	0xFE3
  1252                           fsr1h	equ	0xFE2
  1253                           fsr1l	equ	0xFE1
  1254                           bsr	equ	0xFE0
  1255                           indf2	equ	0xFDF
  1256                           postinc2	equ	0xFDE
  1257                           postdec2	equ	0xFDD
  1258                           preinc2	equ	0xFDC
  1259                           plusw2	equ	0xFDB
  1260                           fsr2h	equ	0xFDA
  1261                           fsr2l	equ	0xFD9
  1262                           status	equ	0xFD8

Data Sizes:
    Strings     54
    Constant    0
    Data        6
    BSS         20
    Persistent  0
    Stack       0

Auto Spaces:
    Space          Size  Autos    Used
    COMRAM           95     12      38
    BANK0           160      0       0
    BANK1           256      0       0
    BANK2           256      0       0
    BANK3           256      0       0
    BANK4           256      0       0
    BANK5           256      0       0
    BANK6           256      0       0
    BANK7           256      0       0

Pointer List with Targets:

    lcd_putc@a	PTR unsigned char  size(2) Largest target is 16
		 -> STR_4(CODE[10]), STR_3(CODE[13]), STR_2(CODE[15]), STR_1(CODE[16]), 


Critical Paths under _main in COMRAM

    _main->_lcd_putc
    _lcd_putc->_lcd_write_char
    _lcd_write_char->_Lcd_Port
    _lcd_init->_Lcd_Cmd
    _lcd_gotoxy->_Lcd_Cmd
    _lcd_clear->_Lcd_Cmd
    _Lcd_Cmd->_Lcd_Port

Critical Paths under _main in BANK0

    None.

Critical Paths under _main in BANK1

    None.

Critical Paths under _main in BANK2

    None.

Critical Paths under _main in BANK3

    None.

Critical Paths under _main in BANK4

    None.

Critical Paths under _main in BANK5

    None.

Critical Paths under _main in BANK6

    None.

Critical Paths under _main in BANK7

    None.

Call Graph Tables:

 ---------------------------------------------------------------------------------
 (Depth) Function   	        Calls       Base Space   Used Autos Params    Refs
 ---------------------------------------------------------------------------------
 (0) _main                                                 3     3      0    1373
                                             10 COMRAM     2     2      0
                          _lcd_clear
                         _lcd_gotoxy
                           _lcd_init
                           _lcd_putc
 ---------------------------------------------------------------------------------
 (1) _lcd_putc                                             6     4      2     514
                                              4 COMRAM     6     4      2
                     _lcd_write_char
 ---------------------------------------------------------------------------------
 (2) _lcd_write_char                                       3     3      0     120
                                              1 COMRAM     3     3      0
                           _Lcd_Port
 ---------------------------------------------------------------------------------
 (1) _lcd_init                                             1     1      0     135
                                              3 COMRAM     1     1      0
                            _Lcd_Cmd
                           _Lcd_Port
 ---------------------------------------------------------------------------------
 (1) _lcd_gotoxy                                           5     4      1     649
                                              3 COMRAM     5     4      1
                            _Lcd_Cmd
 ---------------------------------------------------------------------------------
 (1) _lcd_clear                                            0     0      0      75
                            _Lcd_Cmd
 ---------------------------------------------------------------------------------
 (2) _Lcd_Cmd                                              2     2      0      75
                                              1 COMRAM     2     2      0
                           _Lcd_Port
 ---------------------------------------------------------------------------------
 (3) _Lcd_Port                                             1     1      0      60
                                              0 COMRAM     1     1      0
 ---------------------------------------------------------------------------------
 Estimated maximum stack depth 3
 ---------------------------------------------------------------------------------

 Call Graph Graphs:

 _main (ROOT)
   _lcd_clear
     _Lcd_Cmd
       _Lcd_Port
   _lcd_gotoxy
     _Lcd_Cmd
   _lcd_init
     _Lcd_Cmd
     _Lcd_Port
   _lcd_putc
     _lcd_write_char
       _Lcd_Port

 Address spaces:
Name               Size   Autos  Total    Cost      Usage
BIGRAM             7FF      0       0      24        0.0%
EEDATA             100      0       0       0        0.0%
BITBANK7           100      0       0      19        0.0%
BANK7              100      0       0      20        0.0%
BITBANK6           100      0       0      16        0.0%
BANK6              100      0       0      17        0.0%
BITBANK5           100      0       0      14        0.0%
BANK5              100      0       0      15        0.0%
BITBANK4           100      0       0      12        0.0%
BANK4              100      0       0      13        0.0%
BITBANK3           100      0       0      10        0.0%
BANK3              100      0       0      11        0.0%
BITBANK2           100      0       0       8        0.0%
BANK2              100      0       0       9        0.0%
BITBANK1           100      0       0       6        0.0%
BANK1              100      0       0       7        0.0%
BITBANK0            A0      0       0       4        0.0%
BANK0               A0      0       0       5        0.0%
BITBIGSFRhh         6A      0       0      21        0.0%
BITCOMRAM           5F      0       0       0        0.0%
COMRAM              5F      C      26       1       40.0%
BITBIGSFRl          23      0       0      23        0.0%
BITBIGSFRhl         11      0       0      22        0.0%
BIGSFR               0      0       0     200        0.0%
BITSFR               0      0       0     200        0.0%
SFR                  0      0       0     200        0.0%
STACK                0      0       0       2        0.0%
NULL                 0      0       0       0        0.0%
ABS                  0      0      26      18        0.0%
DATA                 0      0      26       3        0.0%
CODE                 0      0       0       0        0.0%


Microchip Technology PIC18 Macro Assembler V2.40 build 20220703182018 
Symbol Table                                                                                   Sun Nov 27 18:20:34 2022

                     l21 09D6                       l30 0AEC                       l23 09EC  
                     l25 0A02                       l33 0AFA                       l42 0942  
                     l27 0A04                       l19 09C0                       l51 0A5A  
                     l45 0ACC                       l39 09A8                       u10 09BA  
                     u11 09B6                       u20 09D0                       u21 09CC  
                     u30 09E6                       u31 09E2                       u40 09FC  
                     u41 09F8                       u80 0956                       u81 0952  
                     u90 098A                       u91 0986                      l811 08D4  
                    l821 0902                      l813 08DA                      l901 0A32  
                    l751 09C2                      l831 092A                      l823 0912  
                    l815 08E8                      l911 084E                      l903 0838  
                    l761 09FC                      l753 09D0                      l833 0930  
                    l825 0918                      l817 08EE                      l921 088A  
                    l913 085A                      l905 083C                      l755 09D8  
                    l747 09AC                      l771 0AEA                      l763 0AD0  
                    l835 0936                      l827 091E                      l819 08FC  
                    l923 0894                      l915 0864                      l907 0840  
                    l757 09E6                      l749 09BA                      l765 0AD2  
                    l837 093C                      l829 0924                      l781 0AB0  
                    l773 0A98                      l925 08A0                      l917 0870  
                    l909 0844                      l759 09EE                      l767 0AD8  
                    l791 0ACA                      l783 0AB8                      l775 0AA4  
                    l927 08AA                      l919 0886                      l769 0ADA  
                    l793 0AEE                      l881 0956                      l785 0ABA  
                    l777 0AA6                      l929 08B6                      l891 099C  
                    l883 0968                      l787 0AC0                      l779 0AAE  
                    l893 09A2                      l885 096E                      l789 0AC2  
                    l887 0978                      l879 0946                      l895 0A06  
                    l889 098A                      l897 0A12                      l899 0A2E  
                    _RD2 007C1A                      _RD3 007C1B                      u100 0A5A  
                    _RD4 007C1C                      u101 0A56                      _RD5 007C1D  
                    _RD6 007C1E                      _RD7 007C1F                      u117 087A  
                    u127 08C0                      u137 0AB2                      u147 0AC4  
                    u157 08E0                      u167 08F4                      u177 0908  
                    u187 0AE0                      wreg 000FE8              lcd_gotoxy@a 0019  
            lcd_gotoxy@b 0018              lcd_gotoxy@y 001B              lcd_gotoxy@z 001A  
                   STR_1 0801                     STR_2 0811                     STR_3 0820  
                   STR_4 082D          lcd_write_char@a 0018          lcd_write_char@y 0017  
 __end_of_lcd_write_char 0ACE                     _main 0838                     fsr1l 000FE1  
                   start 0000          __end_of_Lcd_Cmd 0AEE             ___param_bank 000000  
                  ?_main 0015                    _TRISD 000F95                    tablat 000FF5  
        ?_lcd_write_char 0015                    status 000FD8         __end_of_Lcd_Port 0A06  
        __initialization 0A5C             __end_of_main 08D4                   ??_main 001F  
          __activetblptr 000001                ??_Lcd_Cmd 0016         __end_of_lcd_init 0944  
       __end_of_lcd_putc 0A5C                   _entero 0025                   clear_0 0A82  
                 isa$std 000001             __pdataCOMRAM 0021             __mediumconst 0000  
                 tblptrh 000FF7                   tblptrl 000FF6                   tblptru 000FF8  
             __accesstop 0060  __end_of__initialization 0A88            ___rparam_used 000001  
         __pcstackCOMRAM 0015           lcd_gotoxy@temp 001C                ?_Lcd_Port 0015  
             _buffer_lcd 0001               _lcd_gotoxy 0944         ??_lcd_write_char 0016  
             ??_Lcd_Port 0015                ?_lcd_init 0015                ?_lcd_putc 0019  
     lcd_write_char@temp 0016                  _Lcd_Cmd 0ACE                  __Hparam 0000  
                __Lparam 0000        __end_of_lcd_clear 0AFC             __psmallconst 0800  
                _decimal 0021                  __pcinit 0A5C                  __ramtop 0800  
                __ptext0 0838                  __ptext1 0A06                  __ptext2 0A96  
                __ptext3 08D4                  __ptext4 0944                  __ptext5 0AEE  
                __ptext6 0ACE                  __ptext7 09AA               ??_lcd_init 0018  
             ??_lcd_putc 001B     end_of_initialization 0A88                  postdec1 000FE5  
                postinc0 000FEE                Lcd_Port@a 0015              ?_lcd_gotoxy 0018  
          __pidataCOMRAM 0AFC      start_initialization 0A5C              __pbssCOMRAM 0001  
               ?_Lcd_Cmd 0015                _lcd_clear 0AEE              __smallconst 0800  
               Lcd_Cmd@a 0017               ?_lcd_clear 0015                lcd_putc@a 0019  
              lcd_putc@i 001D             ??_lcd_gotoxy 0019                 _Lcd_Port 09AA  
              copy_data0 0A70                 __Hrparam 0000                 __Lrparam 0000  
           __Lsmallconst 0800       __end_of_lcd_gotoxy 09AA                 _lcd_init 08D4  
               _lcd_putc 0A06                 isa$xinst 000000              ??_lcd_clear 0018  
         _lcd_write_char 0A96  
